DEU: Doom Editor Utilities, ver 5.1.
 By Rapha‰l Quinet (quinet@montefiore.ulg.ac.be),
and Brendon J Wyber (b.wyber@csc.canterbury.ac.nz).

WAD File Directory
==================

Wad File: DOOM.WAD

NAME____  SIZE__  START____  END______
PLAYPAL    10752  x0000000c  x00002a0b
COLORMAP    8704  x00002a0c  x00004c0b
ENDOOM      4000  x00004c0c  x00005bab
DEMO1      46084  x00005bac  x00010faf
DEMO2      19752  x00010fb0  x00015cd7
DEMO3      39840  x00015cd8  x0001f877
E1M1           0  x0001f878  x0001f877
THINGS      1380  x0001f878  x0001fddb
LINEDEFS    6650  x0001fddc  x000217d5
SIDEDEFS   19440  x000217d8  x000263c7
VERTEXES    1868  x000263c8  x00026b13
SEGS        8784  x00026b14  x00028d63
SSECTORS     948  x00028d64  x00029117
NODES       6608  x00029118  x0002aae7
SECTORS     2210  x0002aae8  x0002b389
REJECT       904  x0002b38c  x0002b713
BLOCKMAP    6922  x0002b714  x0002d21d
E1M2           0  x0002d220  x0002d21f
THINGS      2620  x0002d220  x0002dc5b
LINEDEFS   14462  x0002dc5c  x000314d9
SIDEDEFS   39690  x000314dc  x0003afe5
VERTEXES    3768  x0003afe8  x0003be9f
SEGS       17556  x0003bea0  x00040333
SSECTORS    1792  x00040334  x00040a33
NODES      12516  x00040a34  x00043b17
SECTORS     5200  x00043b18  x00044f67
REJECT      5000  x00044f68  x000462ef
BLOCKMAP   11870  x000462f0  x0004914d
E1M3           0  x00049150  x0004914f
THINGS      3800  x00049150  x0004a027
LINEDEFS   14364  x0004a028  x0004d843
SIDEDEFS   39780  x0004d844  x000573a7
VERTEXES    3784  x000573a8  x0005826f
SEGS       17340  x00058270  x0005c62b
SSECTORS    1844  x0005c62c  x0005cd5f
NODES      12880  x0005cd60  x0005ffaf
SECTORS     4602  x0005ffb0  x000611a9
REJECT      3917  x000611ac  x000620f8
BLOCKMAP    8894  x000620fc  x000643b9
E1M4           0  x000643bc  x000643bb
THINGS      2540  x000643bc  x00064da7
LINEDEFS   11564  x00064da8  x00067ad3
SIDEDEFS   31380  x00067ad4  x0006f567
VERTEXES    3152  x0006f568  x000701b7
SEGS       14100  x000701b8  x000738cb
SSECTORS    1472  x000738cc  x00073e8b
NODES      10276  x00073e8c  x000766af
SECTORS     3614  x000766b0  x000774cd
REJECT      2416  x000774d0  x00077e3f
BLOCKMAP    7218  x00077e40  x00079a71
E1M5           0  x00079a74  x00079a73
THINGS      2930  x00079a74  x0007a5e5
LINEDEFS   11550  x0007a5e8  x0007d305
SIDEDEFS   31590  x0007d308  x00084e6d
VERTEXES    2984  x00084e70  x00085a17
SEGS       13692  x00085a18  x00088f93
SSECTORS    1536  x00088f94  x00089593
NODES      10724  x00089594  x0008bf77
SECTORS     3718  x0008bf78  x0008cdfd
REJECT      2557  x0008ce00  x0008d7fc
BLOCKMAP    8032  x0008d800  x0008f75f
E1M6           0  x0008f760  x0008f75f
THINGS      4640  x0008f760  x0009097f
LINEDEFS   18928  x00090980  x0009536f
SIDEDEFS   51810  x00095370  x000a1dd1
VERTEXES    4828  x000a1dd4  x000a30af
SEGS       22344  x000a30b0  x000a87f7
SSECTORS    2424  x000a87f8  x000a916f
NODES      16940  x000a9170  x000ad39b
SECTORS     6500  x000ad39c  x000aecff
REJECT      7813  x000aed00  x000b0b84
BLOCKMAP   15804  x000b0b88  x000b4943
E1M7           0  x000b4944  x000b4943
THINGS      3580  x000b4944  x000b573f
LINEDEFS   13412  x000b5740  x000b8ba3
SIDEDEFS   36690  x000b8ba4  x000c1af5
VERTEXES    3584  x000c1af8  x000c28f7
SEGS       16452  x000c28f8  x000c693b
SSECTORS    1868  x000c693c  x000c7087
NODES      13048  x000c7088  x000ca37f
SECTORS     4420  x000ca380  x000cb4c3
REJECT      3613  x000cb4c4  x000cc2e0
BLOCKMAP    8846  x000cc2e4  x000ce571
E1M8           0  x000ce574  x000ce573
THINGS      1260  x000ce574  x000cea5f
LINEDEFS    4578  x000cea60  x000cfc41
SIDEDEFS   15090  x000cfc44  x000d3735
VERTEXES    1284  x000d3738  x000d3c3b
SEGS        6888  x000d3c3c  x000d5723
SSECTORS     688  x000d5724  x000d59d3
NODES       4788  x000d59d4  x000d6c87
SECTORS     1872  x000d6c88  x000d73d7
REJECT       648  x000d73d8  x000d765f
BLOCKMAP   19384  x000d7660  x000dc217
E1M9           0  x000dc218  x000dc217
THINGS      2370  x000dc218  x000dcb59
LINEDEFS    9142  x000dcb5c  x000def11
SIDEDEFS   27060  x000def14  x000e58c7
VERTEXES    2324  x000e58c8  x000e61db
SEGS       11736  x000e61dc  x000e8fb3
SSECTORS    1152  x000e8fb4  x000e9433
NODES       8036  x000e9434  x000eb397
SECTORS     3822  x000eb398  x000ec285
REJECT      2702  x000ec288  x000ecd15
BLOCKMAP    6780  x000ecd18  x000ee793
E2M1           0  x000ee794  x000ee793
THINGS      1270  x000ee794  x000eec89
LINEDEFS    5810  x000eec8c  x000f033d
SIDEDEFS   16500  x000f0340  x000f43b3
VERTEXES    1484  x000f43b4  x000f497f
SEGS        7164  x000f4980  x000f657b
SSECTORS     720  x000f657c  x000f684b
NODES       5012  x000f684c  x000f7bdf
SECTORS     2392  x000f7be0  x000f8537
REJECT      1058  x000f8538  x000f8959
BLOCKMAP    3706  x000f895c  x000f97d5
E2M2           0  x000f97d8  x000f97d7
THINGS      3110  x000f97d8  x000fa3fd
LINEDEFS   22540  x000fa400  x000ffc0b
SIDEDEFS   62280  x000ffc0c  x0010ef53
VERTEXES    6148  x0010ef54  x00110757
SEGS       27216  x00110758  x001171a7
SSECTORS    2900  x001171a8  x00117cfb
NODES      20272  x00117cfc  x0011cc2b
SECTORS     6370  x0011cc2c  x0011e50d
REJECT      7504  x0011e510  x0012025f
BLOCKMAP   12382  x00120260  x001232bd
E2M3           0  x001232c0  x001232bf
THINGS      2290  x001232c0  x00123bb1
LINEDEFS   13342  x00123bb4  x00126fd1
SIDEDEFS   34350  x00126fd4  x0012f601
VERTEXES    3496  x0012f604  x001303ab
SEGS       14508  x001303ac  x00133c57
SSECTORS    1260  x00133c58  x00134143
NODES       8792  x00134144  x0013639b
SECTORS     3328  x0013639c  x0013709b
REJECT      2048  x0013709c  x0013789b
BLOCKMAP    6686  x0013789c  x001392b9
E2M4           0  x001392bc  x001392bb
THINGS      2650  x001392bc  x00139d15
LINEDEFS   15638  x00139d18  x0013da2d
SIDEDEFS   43170  x0013da30  x001482d1
VERTEXES    4216  x001482d4  x0014934b
SEGS       19068  x0014934c  x0014ddc7
SSECTORS    1988  x0014ddc8  x0014e58b
NODES      13888  x0014e58c  x00151bcb
SECTORS     5330  x00151bcc  x0015309d
REJECT      5254  x001530a0  x00154525
BLOCKMAP   10118  x00154528  x00156cad
E2M5           0  x00156cb0  x00156caf
THINGS      3260  x00156cb0  x0015796b
LINEDEFS   18942  x0015796c  x0015c369
SIDEDEFS   51300  x0015c36c  x00168bcf
VERTEXES    4940  x00168bd0  x00169f1b
SEGS       22164  x00169f1c  x0016f5af
SSECTORS    2480  x0016f5b0  x0016ff5f
NODES      17332  x0016ff60  x00174313
SECTORS     6266  x00174314  x00175b8d
REJECT      7261  x00175b90  x001777ec
BLOCKMAP   11162  x001777f0  x0017a389
E2M6           0  x0017a38c  x0017a38b
THINGS      3260  x0017a38c  x0017b047
LINEDEFS   15316  x0017b048  x0017ec1b
SIDEDEFS   39720  x0017ec1c  x00188743
VERTEXES    3868  x00188744  x0018965f
SEGS       16908  x00189660  x0018d86b
SSECTORS    1840  x0018d86c  x0018df9b
NODES      12852  x0018df9c  x001911cf
SECTORS     4706  x001911d0  x00192431
REJECT      4096  x00192434  x00193433
BLOCKMAP   10460  x00193434  x00195d0f
E2M7           0  x00195d10  x00195d0f
THINGS      2350  x00195d10  x0019663d
LINEDEFS   24696  x00196640  x0019c6b7
SIDEDEFS   67560  x0019c6b8  x001ace9f
VERTEXES    6504  x001acea0  x001ae807
SEGS       29256  x001ae808  x001b5a4f
SSECTORS    3272  x001b5a50  x001b6717
NODES      22876  x001b6718  x001bc073
SECTORS     8398  x001bc074  x001be141
REJECT     13042  x001be144  x001c1435
BLOCKMAP   10248  x001c1438  x001c3c3f
E2M8           0  x001c3c40  x001c3c3f
THINGS       660  x001c3c40  x001c3ed3
LINEDEFS    3052  x001c3ed4  x001c4abf
SIDEDEFS    8340  x001c4ac0  x001c6b53
VERTEXES     864  x001c6b54  x001c6eb3
SEGS        3720  x001c6eb4  x001c7d3b
SSECTORS     520  x001c7d3c  x001c7f43
NODES       3612  x001c7f44  x001c8d5f
SECTORS      702  x001c8d60  x001c901d
REJECT        92  x001c9020  x001c907b
BLOCKMAP    7164  x001c907c  x001cac77
E2M9           0  x001cac78  x001cac77
THINGS       530  x001cac78  x001cae89
LINEDEFS    2324  x001cae8c  x001cb79f
SIDEDEFS    5940  x001cb7a0  x001cced3
VERTEXES     640  x001cced4  x001cd153
SEGS        2508  x001cd154  x001cdb1f
SSECTORS     272  x001cdb20  x001cdc2f
NODES       1876  x001cdc30  x001ce383
SECTORS      494  x001ce384  x001ce571
REJECT        46  x001ce574  x001ce5a1
BLOCKMAP    3576  x001ce5a4  x001cf39b
E3M1           0  x001cf39c  x001cf39b
THINGS       920  x001cf39c  x001cf733
LINEDEFS    2912  x001cf734  x001d0293
SIDEDEFS    8220  x001d0294  x001d22af
VERTEXES     776  x001d22b0  x001d25b7
SEGS        3576  x001d25b8  x001d33af
SSECTORS     376  x001d33b0  x001d3527
NODES       2604  x001d3528  x001d3f53
SECTORS     1014  x001d3f54  x001d4349
REJECT       191  x001d434c  x001d440a
BLOCKMAP    5056  x001d440c  x001d57cb
E3M2           0  x001d57cc  x001d57cb
THINGS      2080  x001d57cc  x001d5feb
LINEDEFS    6916  x001d5fec  x001d7aef
SIDEDEFS   18750  x001d7af0  x001dc42d
VERTEXES    2124  x001dc430  x001dcc7b
SEGS        8808  x001dcc7c  x001deee3
SSECTORS    1148  x001deee4  x001df35f
NODES       8008  x001df360  x001e12a7
SECTORS     1768  x001e12a8  x001e198f
REJECT       578  x001e1990  x001e1bd1
BLOCKMAP    6984  x001e1bd4  x001e371b
E3M3           0  x001e371c  x001e371b
THINGS      2090  x001e371c  x001e3f45
LINEDEFS   15428  x001e3f48  x001e7b8b
SIDEDEFS   41820  x001e7b8c  x001f1ee7
VERTEXES    3944  x001f1ee8  x001f2e4f
SEGS       17736  x001f2e50  x001f7397
SSECTORS    1764  x001f7398  x001f7a7b
NODES      12320  x001f7a7c  x001faa9b
SECTORS     4992  x001faa9c  x001fbe1b
REJECT      4608  x001fbe1c  x001fd01b
BLOCKMAP    7754  x001fd01c  x001fee65
E3M4           0  x001fee68  x001fee67
THINGS      3740  x001fee68  x001ffd03
LINEDEFS   15386  x001ffd04  x0020391d
SIDEDEFS   41070  x00203920  x0020d98d
VERTEXES    4108  x0020d990  x0020e99b
SEGS       17976  x0020e99c  x00212fd3
SSECTORS    1896  x00212fd4  x0021373b
NODES      13244  x0021373c  x00216af7
SECTORS     4836  x00216af8  x00217ddb
REJECT      4325  x00217ddc  x00218ec0
BLOCKMAP    9802  x00218ec4  x0021b50d
E3M5           0  x0021b510  x0021b50f
THINGS      2910  x0021b510  x0021c06d
LINEDEFS   19824  x0021c070  x00220ddf
SIDEDEFS   55380  x00220de0  x0022e633
VERTEXES    4888  x0022e634  x0022f94b
SEGS       23244  x0022f94c  x00235417
SSECTORS    2240  x00235418  x00235cd7
NODES      15652  x00235cd8  x002399fb
SECTORS     6968  x002399fc  x0023b533
REJECT      8978  x0023b534  x0023d845
BLOCKMAP   13132  x0023d848  x00240b93
E3M6           0  x00240b94  x00240b93
THINGS      3340  x00240b94  x0024189f
LINEDEFS    9618  x002418a0  x00243e31
SIDEDEFS   28470  x00243e34  x0024ad69
VERTEXES    2764  x0024ad6c  x0024b837
SEGS       13296  x0024b838  x0024ec27
SSECTORS    1640  x0024ec28  x0024f28f
NODES      11452  x0024f290  x00251f4b
SECTORS     3250  x00251f4c  x00252bfd
REJECT      1954  x00252c00  x002533a1
BLOCKMAP   21418  x002533a4  x0025874d
E3M7           0  x00258750  x0025874f
THINGS      1540  x00258750  x00258d53
LINEDEFS   13748  x00258d54  x0025c307
SIDEDEFS   37410  x0025c308  x00265529
VERTEXES    3536  x0026552c  x002662fb
SEGS       15948  x002662fc  x0026a147
SSECTORS    1896  x0026a148  x0026a8af
NODES      13244  x0026a8b0  x0026dc6b
SECTORS     4316  x0026dc6c  x0026ed47
REJECT      3445  x0026ed48  x0026fabc
BLOCKMAP    9664  x0026fac0  x0027207f
E3M8           0  x00272080  x0027207f
THINGS       580  x00272080  x002722c3
LINEDEFS    1708  x002722c4  x0027296f
SIDEDEFS    5190  x00272970  x00273db5
VERTEXES     540  x00273db8  x00273fd3
SEGS        2448  x00273fd4  x00274963
SSECTORS     312  x00274964  x00274a9b
NODES       2156  x00274a9c  x00275307
SECTORS      442  x00275308  x002754c1
REJECT        37  x002754c4  x002754e8
BLOCKMAP    6808  x002754ec  x00276f83
E3M9           0  x00276f84  x00276f83
THINGS      1970  x00276f84  x00277735
LINEDEFS    6636  x00277738  x00279123
SIDEDEFS   17670  x00279124  x0027d629
VERTEXES    1824  x0027d62c  x0027dd4b
SEGS        7788  x0027dd4c  x0027fbb7
SSECTORS     852  x0027fbb8  x0027ff0b
NODES       5936  x0027ff0c  x0028163b
SECTORS     1846  x0028163c  x00281d71
REJECT       631  x00281d74  x00281fea
BLOCKMAP   14778  x00281fec  x002859a5
TEXTURE1    9234  x002859a8  x00287db9
TEXTURE2    8000  x00287dbc  x00289cfb
PNAMES      2804  x00289cfc  x0028a7ef
GENMIDI    11908  x0028a7f0  x0028d673
DMXGUS      6311  x0028d674  x0028ef1a
D_E1M1     17380  x0028ef1c  x002932ff
D_E1M2     36794  x00293300  x0029c2b9
D_E1M3     19294  x0029c2bc  x002a0e19
D_E1M4     18276  x002a0e1c  x002a557f
D_E1M5      9823  x002a5580  x002a7bde
D_E1M6      9465  x002a7be0  x002aa0d8
D_E1M7      8609  x002aa0dc  x002ac27c
D_E1M8     59480  x002ac280  x002baad7
D_E1M9     21307  x002baad8  x002bfe12
D_INTER    29116  x002bfe14  x002c6fcf
D_INTRO     1497  x002c6fd0  x002c75a8
D_VICTOR   13532  x002c75ac  x002caa87
D_INTROA     631  x002caa88  x002cacfe
DPPISTOL      31  x002cad00  x002cad1e
DSPISTOL    5649  x002cad20  x002cc330
DPSHOTGN      51  x002cc334  x002cc366
DSSHOTGN    9428  x002cc368  x002ce83b
DPSGCOCK      38  x002ce83c  x002ce861
DSSGCOCK    6254  x002ce864  x002d00d1
DPSAWUP      150  x002d00d4  x002d0169
DSSAWUP    16265  x002d016c  x002d40f4
DPSAWIDL      24  x002d40f8  x002d410f
DSSAWIDL    7509  x002d4110  x002d5e64
DPSAWFUL      24  x002d5e68  x002d5e7f
DSSAWFUL   18072  x002d5e80  x002da517
DPSAWHIT      29  x002da518  x002da534
DSSAWHIT    7986  x002da538  x002dc469
DPRLAUNC      55  x002dc46c  x002dc4a2
DSRLAUNC   15507  x002dc4a4  x002e0136
DPRXPLOD      41  x002e0138  x002e0160
DSRXPLOD   14511  x002e0164  x002e3a12
DPFIRSHT      51  x002e3a14  x002e3a46
DSFIRSHT   14716  x002e3a48  x002e73c3
DPFIRXPL      33  x002e73c4  x002e73e4
DSFIRXPL   11670  x002e73e8  x002ea17d
DPPSTART      12  x002ea180  x002ea18b
DSPSTART    8206  x002ea18c  x002ec199
DPPSTOP       11  x002ec19c  x002ec1a6
DSPSTOP     6653  x002ec1a8  x002edba4
DPDOROPN      55  x002edba8  x002edbde
DSDOROPN   13793  x002edbe0  x002f11c0
DPDORCLS      52  x002f11c4  x002f11f7
DSDORCLS   13858  x002f11f8  x002f4819
DPSTNMOV      11  x002f481c  x002f4826
DSSTNMOV    2940  x002f4828  x002f53a3
DPSWTCHN      12  x002f53a4  x002f53af
DSSWTCHN    6236  x002f53b0  x002f6c0b
DPSWTCHX      12  x002f6c0c  x002f6c17
DSSWTCHX    5454  x002f6c18  x002f8165
DPPLPAIN      39  x002f8168  x002f818e
DSPLPAIN   15134  x002f8190  x002fbcad
DPDMPAIN      39  x002fbcb0  x002fbcd6
DSDMPAIN    9487  x002fbcd8  x002fe1e6
DPPOPAIN      42  x002fe1e8  x002fe211
DSPOPAIN    8611  x002fe214  x003003b6
DPSLOP        69  x003003b8  x003003fc
DSSLOP     11109  x00300400  x00302f64
DPITEMUP      57  x00302f68  x00302fa0
DSITEMUP    2239  x00302fa4  x00303862
DPWPNUP       19  x00303864  x00303876
DSWPNUP     5851  x00303878  x00304f52
DPOOF         14  x00304f54  x00304f61
DSOOF       4002  x00304f64  x00305f05
DPTELEPT      82  x00305f08  x00305f59
DSTELEPT   16002  x00305f5c  x00309ddd
DPPOSIT1      63  x00309de0  x00309e1e
DSPOSIT1    5321  x00309e20  x0030b2e8
DPPOSIT2      63  x0030b2ec  x0030b32a
DSPOSIT2   11263  x0030b32c  x0030df2a
DPPOSIT3      63  x0030df2c  x0030df6a
DSPOSIT3   11072  x0030df6c  x00310aab
DPBGSIT1      63  x00310aac  x00310aea
DSBGSIT1   13607  x00310aec  x00314012
DPBGSIT2      63  x00314014  x00314052
DSBGSIT2   16054  x00314054  x00317f09
DPSGTSIT      63  x00317f0c  x00317f4a
DSSGTSIT   11174  x00317f4c  x0031aaf1
DPBRSSIT     133  x0031aaf4  x0031ab78
DSBRSSIT   13739  x0031ab7c  x0031e126
DPSGTATK      63  x0031e128  x0031e166
DSSGTATK    9329  x0031e168  x003205d8
DPCLAW        63  x003205dc  x0032061a
DSCLAW      6382  x0032061c  x00321f09
DPPLDETH      83  x00321f0c  x00321f5e
DSPLDETH   10988  x00321f60  x00324a4b
DPPODTH1      87  x00324a4c  x00324aa2
DSPODTH1   12947  x00324aa4  x00327d36
DPPODTH2      87  x00327d38  x00327d8e
DSPODTH2    9328  x00327d90  x0032a1ff
DPPODTH3      87  x0032a200  x0032a256
DSPODTH3   10929  x0032a258  x0032cd08
DPBGDTH1      87  x0032cd0c  x0032cd62
DSBGDTH1    7098  x0032cd64  x0032e91d
DPBGDTH2      87  x0032e920  x0032e976
DSBGDTH2    9290  x0032e978  x00330dc1
DPSGTDTH      87  x00330dc4  x00330e1a
DSSGTDTH   12325  x00330e1c  x00333e40
DPBRSDTH      69  x00333e44  x00333e88
DSBRSDTH   11012  x00333e8c  x0033698f
DPPOSACT     107  x00336990  x003369fa
DSPOSACT   10751  x003369fc  x003393fa
DPBGACT      107  x003393fc  x00339466
DSBGACT    10007  x00339468  x0033bb7e
DPDMACT      107  x0033bb80  x0033bbea
DSDMACT    11858  x0033bbec  x0033ea3d
DPNOWAY       38  x0033ea40  x0033ea65
DSNOWAY     4002  x0033ea68  x0033fa09
DPBAREXP     122  x0033fa0c  x0033fa85
DSBAREXP   18571  x0033fa88  x00344312
DPPUNCH       63  x00344314  x00344352
DSPUNCH     2476  x00344354  x00344cff
D_E2M1     25970  x00344d00  x0034b271
D_E2M2     20970  x0034b274  x0035045d
D_E2M3     29140  x00350460  x00357633
D_E2M4      6779  x00357634  x003590ae
D_E2M5      8609  x003590b0  x0035b250
D_E2M6      9800  x0035b254  x0035d89b
D_E2M7      7015  x0035d89c  x0035f402
D_E2M8     46183  x0035f404  x0036a86a
D_E2M9     16667  x0036a86c  x0036e986
D_E3M1     16667  x0036e988  x00372aa2
D_E3M2     17300  x00372aa4  x00376e37
D_E3M3     28173  x00376e38  x0037dc44
D_E3M4     59480  x0037dc48  x0038c49f
D_E3M5      8609  x0038c4a0  x0038e640
D_E3M6      9465  x0038e644  x00390b3c
D_E3M7      7015  x00390b40  x003926a6
D_E3M8     18216  x003926a8  x00396dcf
D_E3M9     21307  x00396dd0  x0039c10a
D_BUNNY     5986  x0039c10c  x0039d86d
DPPLASMA      41  x0039d870  x0039d898
DSPLASMA    5670  x0039d89c  x0039eec1
DPBFG        186  x0039eec4  x0039ef7d
DSBFG      18480  x0039ef80  x003a37af
DPCACSIT      63  x003a37b0  x003a37ee
DSCACSIT   17270  x003a37f0  x003a7b65
DPCYBSIT     133  x003a7b68  x003a7bec
DSCYBSIT   13013  x003a7bf0  x003aaec4
DPSPISIT     133  x003aaec8  x003aaf4c
DSSPISIT   12429  x003aaf50  x003adfdc
DPSKLATK      63  x003adfe0  x003ae01e
DSSKLATK    8778  x003ae020  x003b0269
DPCACDTH      87  x003b026c  x003b02c2
DSCACDTH   10314  x003b02c4  x003b2b0d
DPSKLDTH      87  x003b2b10  x003b2b66
DSSKLDTH    4002  x003b2b68  x003b3b09
DPCYBDTH      69  x003b3b0c  x003b3b50
DSCYBDTH   16567  x003b3b54  x003b7c0a
DPSPIDTH      69  x003b7c0c  x003b7c50
DSSPIDTH   22116  x003b7c54  x003bd2b7
DPHOOF        63  x003bd2b8  x003bd2f6
DSHOOF      4089  x003bd2f8  x003be2f0
DPMETAL       63  x003be2f4  x003be332
DSMETAL     8054  x003be334  x003c02a9
HELP1      68168  x003c02ac  x003d0cf3
HELP2      68168  x003d0cf4  x003e173b
CREDIT     68168  x003e173c  x003f2183
VICTORY2   66888  x003f2184  x004026cb
TITLEPIC   68168  x004026cc  x00413113
PFUB1      66888  x00413114  x0042365b
PFUB2      66888  x0042365c  x00433ba3
END0        6152  x00433ba4  x004353ab
END1        6128  x004353ac  x00436b9b
END2        6084  x00436b9c  x0043835f
END3        6032  x00438360  x00439aef
END4        5936  x00439af0  x0043b21f
END5        5888  x0043b220  x0043c91f
END6        5840  x0043c920  x0043dfef
AMMNUM0       48  x0043dff0  x0043e01f
AMMNUM1       32  x0043e020  x0043e03f
AMMNUM2       60  x0043e040  x0043e07b
AMMNUM3       60  x0043e07c  x0043e0b7
AMMNUM4       44  x0043e0b8  x0043e0e3
AMMNUM5       60  x0043e0e4  x0043e11f
AMMNUM6       56  x0043e120  x0043e157
AMMNUM7       52  x0043e158  x0043e18b
AMMNUM8       60  x0043e18c  x0043e1c7
AMMNUM9       52  x0043e1c8  x0043e1fb
STBAR      13128  x0043e1fc  x00441543
STGNUM0       68  x00441544  x00441587
STGNUM1       64  x00441588  x004415c7
STGNUM2       76  x004415c8  x00441613
STGNUM3       72  x00441614  x0044165b
STGNUM4       60  x0044165c  x00441697
STGNUM5       72  x00441698  x004416df
STGNUM6       72  x004416e0  x00441727
STGNUM7       72  x00441728  x0044176f
STGNUM8       76  x00441770  x004417bb
STGNUM9       72  x004417bc  x00441803
STTNUM0      320  x00441804  x00441943
STTNUM1      244  x00441944  x00441a37
STTNUM2      336  x00441a38  x00441b87
STTNUM3      336  x00441b88  x00441cd7
STTNUM4      316  x00441cd8  x00441e13
STTNUM5      348  x00441e14  x00441f6f
STTNUM6      340  x00441f70  x004420c3
STTNUM7      276  x004420c4  x004421d7
STTNUM8      348  x004421d8  x00442333
STTNUM9      336  x00442334  x00442483
STTPRCNT     328  x00442484  x004425cb
STYSNUM0      68  x004425cc  x0044260f
STYSNUM1      64  x00442610  x0044264f
STYSNUM2      76  x00442650  x0044269b
STYSNUM3      72  x0044269c  x004426e3
STYSNUM4      60  x004426e4  x0044271f
STYSNUM5      72  x00442720  x00442767
STYSNUM6      72  x00442768  x004427af
STYSNUM7      72  x004427b0  x004427f7
STYSNUM8      76  x004427f8  x00442843
STYSNUM9      72  x00442844  x0044288b
STKEYS0      104  x0044288c  x004428f3
STKEYS1      104  x004428f4  x0044295b
STKEYS2      104  x0044295c  x004429c3
STKEYS3      120  x004429c4  x00442a3b
STKEYS4      120  x00442a3c  x00442ab3
STKEYS5      120  x00442ab4  x00442b2b
STDISK       392  x00442b2c  x00442cb3
STARMS      1648  x00442cb4  x00443323
STCFN033      72  x00443324  x0044336b
STCFN034     100  x0044336c  x004433cf
STCFN035     116  x004433d0  x00443443
STCFN036     128  x00443444  x004434c3
STCFN037     144  x004434c4  x00443553
STCFN038     132  x00443554  x004435d7
STCFN039      60  x004435d8  x00443613
STCFN040     120  x00443614  x0044368b
STCFN041     120  x0044368c  x00443703
STCFN042      96  x00443704  x00443763
STCFN043      76  x00443764  x004437af
STCFN044      60  x004437b0  x004437eb
STCFN045      80  x004437ec  x0044383b
STCFN046      56  x0044383c  x00443873
STCFN047     100  x00443874  x004438d7
STCFN048     132  x004438d8  x0044395b
STCFN049      84  x0044395c  x004439af
STCFN050     140  x004439b0  x00443a3b
STCFN051     132  x00443a3c  x00443abf
STCFN052     116  x00443ac0  x00443b33
STCFN053     124  x00443b34  x00443baf
STCFN054     132  x00443bb0  x00443c33
STCFN055     120  x00443c34  x00443cab
STCFN056     140  x00443cac  x00443d37
STCFN057     132  x00443d38  x00443dbb
STCFN058      84  x00443dbc  x00443e0f
STCFN059      72  x00443e10  x00443e57
STCFN060      80  x00443e58  x00443ea7
STCFN061      80  x00443ea8  x00443ef7
STCFN062      80  x00443ef8  x00443f47
STCFN063     128  x00443f48  x00443fc7
STCFN064     156  x00443fc8  x00444063
STCFN065     132  x00444064  x004440e7
STCFN066     140  x004440e8  x00444173
STCFN067     140  x00444174  x004441ff
STCFN068     132  x00444200  x00444283
STCFN069     132  x00444284  x00444307
STCFN070     128  x00444308  x00444387
STCFN071     132  x00444388  x0044440b
STCFN072     136  x0044440c  x00444493
STCFN073      72  x00444494  x004444db
STCFN074     120  x004444dc  x00444553
STCFN075     140  x00444554  x004445df
STCFN076     120  x004445e0  x00444657
STCFN077     148  x00444658  x004446eb
STCFN078     136  x004446ec  x00444773
STCFN079     124  x00444774  x004447ef
STCFN080     128  x004447f0  x0044486f
STCFN081     136  x00444870  x004448f7
STCFN082     140  x004448f8  x00444983
STCFN083     120  x00444984  x004449fb
STCFN084     120  x004449fc  x00444a73
STCFN085     132  x00444a74  x00444af7
STCFN086     108  x00444af8  x00444b63
STCFN087     148  x00444b64  x00444bf7
STCFN088     160  x00444bf8  x00444c97
STCFN089     124  x00444c98  x00444d13
STCFN090     128  x00444d14  x00444d93
STCFN091      92  x00444d94  x00444def
STCFN092     100  x00444df0  x00444e53
STCFN093      92  x00444e54  x00444eaf
STCFN094      96  x00444eb0  x00444f0f
STCFN095     104  x00444f10  x00444f77
STCFN121      72  x00444f78  x00444fbf
STFB1       1408  x00444fc0  x0044553f
STFB0       1408  x00445540  x00445abf
STFB2       1408  x00445ac0  x0044603f
STFB3       1408  x00446040  x004465bf
STPB1       1480  x004465c0  x00446b87
STPB0       1480  x00446b88  x0044714f
STPB2       1480  x00447150  x00447717
STPB3       1480  x00447718  x00447cdf
STFST01      808  x00447ce0  x00448007
STFST00      808  x00448008  x0044832f
STFST02      808  x00448330  x00448657
STFTL00      884  x00448658  x004489cb
STFTR00      880  x004489cc  x00448d3b
STFOUCH0     844  x00448d3c  x00449087
STFEVL0      816  x00449088  x004493b7
STFKILL0     824  x004493b8  x004496ef
STFST11      808  x004496f0  x00449a17
STFST10      808  x00449a18  x00449d3f
STFST12      800  x00449d40  x0044a05f
STFTL10      884  x0044a060  x0044a3d3
STFTR10      888  x0044a3d4  x0044a74b
STFOUCH1     844  x0044a74c  x0044aa97
STFEVL1      816  x0044aa98  x0044adc7
STFKILL1     824  x0044adc8  x0044b0ff
STFST21      828  x0044b100  x0044b43b
STFST20      824  x0044b43c  x0044b773
STFST22      824  x0044b774  x0044baab
STFTL20      896  x0044baac  x0044be2b
STFTR20      896  x0044be2c  x0044c1ab
STFOUCH2     844  x0044c1ac  x0044c4f7
STFEVL2      816  x0044c4f8  x0044c827
STFKILL2     824  x0044c828  x0044cb5f
STFST31      836  x0044cb60  x0044cea3
STFST30      840  x0044cea4  x0044d1eb
STFST32      832  x0044d1ec  x0044d52b
STFTL30      944  x0044d52c  x0044d8db
STFTR30      908  x0044d8dc  x0044dc67
STFOUCH3     844  x0044dc68  x0044dfb3
STFEVL3      816  x0044dfb4  x0044e2e3
STFKILL3     824  x0044e2e4  x0044e61b
STFST41      836  x0044e61c  x0044e95f
STFST40      844  x0044e960  x0044ecab
STFST42      844  x0044ecac  x0044eff7
STFTL40      984  x0044eff8  x0044f3cf
STFTR40      908  x0044f3d0  x0044f75b
STFOUCH4     844  x0044f75c  x0044faa7
STFEVL4      816  x0044faa8  x0044fdd7
STFKILL4     824  x0044fdd8  x0045010f
STFGOD0      808  x00450110  x00450437
STFDEAD0     836  x00450438  x0045077b
M_DOOM      6772  x0045077c  x004521ef
M_RDTHIS    2312  x004521f0  x00452af7
M_OPTION    1856  x00452af8  x00453237
M_QUITG     2220  x00453238  x00453ae3
M_NGAME     2128  x00453ae4  x00454333
M_SKULL1     504  x00454334  x0045452b
M_SKULL2     504  x0045452c  x00454723
M_THERMO     108  x00454724  x0045478f
M_THERMR     140  x00454790  x0045481b
M_THERMM     208  x0045481c  x004548eb
M_THERML     140  x004548ec  x00454977
M_ENDGAM    2180  x00454978  x004551fb
M_PAUSE     1408  x004551fc  x0045577b
M_MESSG     2448  x0045577c  x0045610b
M_MSGON      628  x0045610c  x0045637f
M_MSGOFF     728  x00456380  x00456657
M_EPISOD    3404  x00456658  x004573a3
M_EPI1      4908  x004573a4  x004586cf
M_EPI2      4220  x004586d0  x0045974b
M_EPI3      1784  x0045974c  x00459e43
M_HURT      3232  x00459e44  x0045aae3
M_JKILL     4248  x0045aae4  x0045bb7b
M_ROUGH     4320  x0045bb7c  x0045cc5b
M_SKILL     4396  x0045cc5c  x0045dd87
M_NEWG      2452  x0045dd88  x0045e71b
M_ULTRA     3632  x0045e71c  x0045f54b
M_NMARE     2636  x0045f54c  x0045ff97
M_SVOL      3192  x0045ff98  x00460c0f
M_OPTTTL    2164  x00460c10  x00461483
M_SAVEG     2364  x00461484  x00461dbf
M_LOADG     2332  x00461dc0  x004626db
M_DISP      1692  x004626dc  x00462d77
M_MSENS     3920  x00462d78  x00463cc7
M_GDHIGH     996  x00463cc8  x004640ab
M_GDLOW      800  x004640ac  x004643cb
M_DETAIL    3300  x004643cc  x004650af
M_DISOPT    4268  x004650b0  x0046615b
M_SCRNSZ    2852  x0046615c  x00466c7f
M_SGTTL     2796  x00466c80  x0046776b
M_LGTTL     2796  x0046776c  x00468257
M_SFXVOL    2520  x00468258  x00468c2f
M_MUSVOL    2976  x00468c30  x004697cf
M_LSLEFT     192  x004697d0  x0046988f
M_LSCNTR     192  x00469890  x0046994f
M_LSRGHT     192  x00469950  x00469a0f
BRDR_TL       44  x00469a10  x00469a3b
BRDR_T       104  x00469a3c  x00469aa3
BRDR_TR       44  x00469aa4  x00469acf
BRDR_L        60  x00469ad0  x00469b0b
BRDR_R        60  x00469b0c  x00469b47
BRDR_BL       44  x00469b48  x00469b73
BRDR_B       104  x00469b74  x00469bdb
BRDR_BR       44  x00469bdc  x00469c07
WIMAP0     68168  x00469c08  x0047a64f
WIA00900     144  x0047a650  x0047a6df
WIA00901     144  x0047a6e0  x0047a76f
WIA00902     144  x0047a770  x0047a7ff
WIA00800     208  x0047a800  x0047a8cf
WIA00801     208  x0047a8d0  x0047a99f
WIA00802     208  x0047a9a0  x0047aa6f
WIA00700     208  x0047aa70  x0047ab3f
WIA00701     208  x0047ab40  x0047ac0f
WIA00702     208  x0047ac10  x0047acdf
WIA00600     144  x0047ace0  x0047ad6f
WIA00601     144  x0047ad70  x0047adff
WIA00602     144  x0047ae00  x0047ae8f
WIA00500     144  x0047ae90  x0047af1f
WIA00501     144  x0047af20  x0047afaf
WIA00502     144  x0047afb0  x0047b03f
WIA00400     144  x0047b040  x0047b0cf
WIA00401     144  x0047b0d0  x0047b15f
WIA00402     144  x0047b160  x0047b1ef
WIA00300     208  x0047b1f0  x0047b2bf
WIA00301     208  x0047b2c0  x0047b38f
WIA00302     208  x0047b390  x0047b45f
WIA00200     208  x0047b460  x0047b52f
WIA00201     208  x0047b530  x0047b5ff
WIA00202     208  x0047b600  x0047b6cf
WIA00100     416  x0047b6d0  x0047b86f
WIA00101     416  x0047b870  x0047ba0f
WIA00102     416  x0047ba10  x0047bbaf
WIA00000     144  x0047bbb0  x0047bc3f
WIA00001     144  x0047bc40  x0047bccf
WIA00002     144  x0047bcd0  x0047bd5f
WIURH0      1080  x0047bd60  x0047c197
WIURH1      1080  x0047c198  x0047c5cf
WISPLAT      644  x0047c5d0  x0047c853
WIMAP1     68168  x0047c854  x0048d29b
WIA10000    2752  x0048d29c  x0048dd5b
WIA10100    2752  x0048dd5c  x0048e81b
WIA10200    2752  x0048e81c  x0048f2db
WIA10300    2752  x0048f2dc  x0048fd9b
WIA10400    2752  x0048fd9c  x0049085b
WIA10500    2752  x0049085c  x0049131b
WIA10600    2752  x0049131c  x00491ddb
WIA10700    3200  x00491ddc  x00492a5b
WIA10701    3200  x00492a5c  x004936db
WIA10702    3200  x004936dc  x0049435b
WIMAP2     68168  x0049435c  x004a4da3
WIA20000    4600  x004a4da4  x004a5f9b
WIA20001    4600  x004a5f9c  x004a7193
WIA20002    4600  x004a7194  x004a838b
WIA20100    1320  x004a838c  x004a88b3
WIA20101    1320  x004a88b4  x004a8ddb
WIA20102    1320  x004a8ddc  x004a9303
WIA20200    1064  x004a9304  x004a972b
WIA20201    1064  x004a972c  x004a9b53
WIA20202    1064  x004a9b54  x004a9f7b
WIA20300     336  x004a9f7c  x004aa0cb
WIA20301     336  x004aa0cc  x004aa21b
WIA20302     336  x004aa21c  x004aa36b
WIA20400    2088  x004aa36c  x004aab93
WIA20401    2088  x004aab94  x004ab3bb
WIA20402    2088  x004ab3bc  x004abbe3
WIA20500    7664  x004abbe4  x004ad9d3
WIA20501    7664  x004ad9d4  x004af7c3
WIA20502    7664  x004af7c4  x004b15b3
WIOSTK      1084  x004b15b4  x004b19ef
WIOSTI      1184  x004b19f0  x004b1e8f
WIF         1844  x004b1e90  x004b25c3
WIMSTT      1156  x004b25c4  x004b2a47
WIOSTS      1076  x004b2a48  x004b2e7b
WIOSTF       272  x004b2e7c  x004b2f8b
WITIME       880  x004b2f8c  x004b32fb
WIPAR        808  x004b32fc  x004b3623
WIMSTAR      860  x004b3624  x004b397f
WIPCNT       264  x004b3980  x004b3a87
WINUM0       228  x004b3a88  x004b3b6b
WINUM1       136  x004b3b6c  x004b3bf3
WINUM2       244  x004b3bf4  x004b3ce7
WINUM3       236  x004b3ce8  x004b3dd3
WINUM4       212  x004b3dd4  x004b3ea7
WINUM5       244  x004b3ea8  x004b3f9b
WINUM6       236  x004b3f9c  x004b4087
WINUM7       188  x004b4088  x004b4143
WINUM8       232  x004b4144  x004b422b
WINUM9       232  x004b422c  x004b4313
WICOLON      108  x004b4314  x004b437f
WISUCKS     1460  x004b4380  x004b4933
WIFRGS      1136  x004b4934  x004b4da3
WILV00      1712  x004b4da4  x004b5453
WILV01      3064  x004b5454  x004b604b
WILV02      3152  x004b604c  x004b6c9b
WILV03      3896  x004b6c9c  x004b7bd3
WILV04      2556  x004b7bd4  x004b85cf
WILV05      4556  x004b85d0  x004b979b
WILV06      3960  x004b979c  x004ba713
WILV07      3660  x004ba714  x004bb55f
WILV08      2920  x004bb560  x004bc0c7
WILV11      3964  x004bc0c8  x004bd043
WILV12      1960  x004bd044  x004bd7eb
WILV14      3628  x004bd7ec  x004be617
WILV15      4336  x004be618  x004bf707
WILV16      3208  x004bf708  x004c038f
WILV17      3288  x004c0390  x004c1067
WILV18      4656  x004c1068  x004c2297
WILV20      2080  x004c2298  x004c2ab7
WILV21      4064  x004c2ab8  x004c3a97
WILV22      2944  x004c3a98  x004c4617
WILV23      3004  x004c4618  x004c51d3
WILV24      3940  x004c51d4  x004c6137
WILV25      2304  x004c6138  x004c6a37
WILV26      2908  x004c6a38  x004c7593
WILV27       752  x004c7594  x004c7883
WILV28      1984  x004c7884  x004c8043
WILV13      2416  x004c8044  x004c89b3
WILV10      3508  x004c89b4  x004c9767
WIP1         404  x004c9768  x004c98fb
WIP2         512  x004c98fc  x004c9afb
WIP3         500  x004c9afc  x004c9cef
WIP4         480  x004c9cf0  x004c9ecf
WIBP1        404  x004c9ed0  x004ca063
WIBP2        512  x004ca064  x004ca263
WIBP3        500  x004ca264  x004ca457
WIBP4        480  x004ca458  x004ca637
WIKILRS      532  x004ca638  x004ca84b
WIVCTMS      904  x004ca84c  x004cabd3
WISCRT2     1592  x004cabd4  x004cb20b
WIENTER     2036  x004cb20c  x004cb9ff
S_START        0  x00000000  xffffffff
CHGGA0      8180  x004cba00  x004cd9f3
CHGGB0      8204  x004cd9f4  x004cf9ff
CHGFA0      2684  x004cfa00  x004d047b
CHGFB0      2308  x004d047c  x004d0d7f
SAWGA0      6692  x004d0d80  x004d27a3
SAWGB0      6692  x004d27a4  x004d41c7
SAWGC0      7852  x004d41c8  x004d6073
SAWGD0      7980  x004d6074  x004d7f9f
PISGA0      2632  x004d7fa0  x004d89e7
PISGB0      3768  x004d89e8  x004d989f
PISGC0      3664  x004d98a0  x004da6ef
PISGD0      3616  x004da6f0  x004db50f
PISGE0      4892  x004db510  x004dc82b
PISFA0      1408  x004dc82c  x004dcdab
PBULA0       316  x004dcdac  x004dcee7
PBULB0       276  x004dcee8  x004dcffb
PSHEA0       540  x004dcffc  x004dd217
PSHEB0       580  x004dd218  x004dd45b
BAL1A0       320  x004dd45c  x004dd59b
BAL1B0       320  x004dd59c  x004dd6db
BAL1C0      1304  x004dd6dc  x004ddbf3
BAL1D0      1612  x004ddbf4  x004de23f
BAL1E0      2064  x004de240  x004dea4f
PUFFA0        76  x004dea50  x004dea9b
PUFFB0       144  x004dea9c  x004deb2b
PUFFC0       256  x004deb2c  x004dec2b
PUFFD0       376  x004dec2c  x004deda3
BLUDA0        76  x004deda4  x004dedef
BLUDB0       132  x004dedf0  x004dee73
BLUDC0       216  x004dee74  x004def4b
BAL2A0       340  x004def4c  x004df09f
BAL2B0       316  x004df0a0  x004df1db
BAL2C0      1884  x004df1dc  x004df937
BAL2D0      2360  x004df938  x004e026f
BAL2E0      2228  x004e0270  x004e0b23
BAL3A0       628  x004e0b24  x004e0d97
BAL3B0       628  x004e0d98  x004e100b
BAL3C0      1836  x004e100c  x004e1737
BAL3D0      2260  x004e1738  x004e200b
BAL3E0      1828  x004e200c  x004e272f
BAL4A0       628  x004e2730  x004e29a3
BAL4B0       628  x004e29a4  x004e2c17
BAL4C0      1836  x004e2c18  x004e3343
BAL4D0      2360  x004e3344  x004e3c7b
BAL4E0      2228  x004e3c7c  x004e452f
BAL5A0       388  x004e4530  x004e46b3
BAL5B0       400  x004e46b4  x004e4843
BAL6A0       388  x004e4844  x004e49c7
BAL6B0       400  x004e49c8  x004e4b57
MISLB0      3788  x004e4b58  x004e5a23
MISLC0      5976  x004e5a24  x004e717b
MISLD0      4260  x004e717c  x004e821f
TFOGA0      2184  x004e8220  x004e8aa7
TFOGB0      1696  x004e8aa8  x004e9147
TFOGC0      1396  x004e9148  x004e96bb
TFOGD0      1020  x004e96bc  x004e9ab7
TFOGE0       392  x004e9ab8  x004e9c3f
TFOGF0       152  x004e9c40  x004e9cd7
TFOGG0        44  x004e9cd8  x004e9d03
TFOGH0        88  x004e9d04  x004e9d5b
TFOGI0       176  x004e9d5c  x004e9e0b
TFOGJ0       260  x004e9e0c  x004e9f0f
PUNGA0      3112  x004e9f10  x004eab37
PUNGB0      2596  x004eab38  x004eb55b
PUNGC0      4152  x004eb55c  x004ec593
PUNGD0      6716  x004ec594  x004edfcf
MISGA0      5976  x004edfd0  x004ef727
MISGB0      6588  x004ef728  x004f10e3
MISFA0      1624  x004f10e4  x004f173b
MISFB0      3208  x004f173c  x004f23c3
MISFC0      4792  x004f23c4  x004f367b
MISFD0      4496  x004f367c  x004f480b
MISLA1       264  x004f480c  x004f4913
MISLA8A2     600  x004f4914  x004f4b6b
MISLA7A3     892  x004f4b6c  x004f4ee7
MISLA6A4     484  x004f4ee8  x004f50cb
MISLA5       264  x004f50cc  x004f51d3
SHTGA0      7232  x004f51d4  x004f6e13
SHTGB0     13228  x004f6e14  x004fa1bf
SHTGC0     13308  x004fa1c0  x004fd5bb
SHTGD0     14160  x004fd5bc  x00500d0b
SHTFA0      1156  x00500d0c  x0050118f
SHTFB0      1668  x00501190  x00501813
PLSGA0      4444  x00501814  x0050296f
PLSGB0      9624  x00502970  x00504f07
PLSFA0      4924  x00504f08  x00506243
PLSFB0      5324  x00506244  x0050770f
PLSSA0       244  x00507710  x00507803
PLSSB0       256  x00507804  x00507903
PLSEA0       628  x00507904  x00507b77
PLSEB0      1344  x00507b78  x005080b7
PLSEC0      1176  x005080b8  x0050854f
PLSED0       848  x00508550  x0050889f
PLSEE0       108  x005088a0  x0050890b
BFGGA0     11544  x0050890c  x0050b623
BFGGB0     11544  x0050b624  x0050e33b
BFGGC0     11068  x0050e33c  x00510e77
BFGFA0      2608  x00510e78  x005118a7
BFGFB0      5068  x005118a8  x00512c73
BFS1A0      1976  x00512c74  x0051342b
BFS1B0      1980  x0051342c  x00513be7
BFE1A0      3020  x00513be8  x005147b3
BFE1B0      4988  x005147b4  x00515b2f
BFE1C0      9276  x00515b30  x00517f6b
BFE1D0      3104  x00517f6c  x00518b8b
BFE1E0      1684  x00518b8c  x0051921f
BFE1F0      1028  x00519220  x00519623
BFE2A0      3020  x00519624  x0051a1ef
BFE2B0      1700  x0051a1f0  x0051a893
BFE2C0      1128  x0051a894  x0051acfb
BFE2D0       188  x0051acfc  x0051adb7
SARGA1      2000  x0051adb8  x0051b587
SARGA2A8    2384  x0051b588  x0051bed7
SARGA3A7    2388  x0051bed8  x0051c82b
SARGA4A6    2160  x0051c82c  x0051d09b
SARGA5      1640  x0051d09c  x0051d703
SARGB1      2080  x0051d704  x0051df23
SARGB2B8    2040  x0051df24  x0051e71b
SARGB3B7    2164  x0051e71c  x0051ef8f
SARGB4B6    2056  x0051ef90  x0051f797
SARGB5      1848  x0051f798  x0051fecf
SARGC1      1996  x0051fed0  x0052069b
SARGC2C8    2172  x0052069c  x00520f17
SARGC3C7    2288  x00520f18  x00521807
SARGC4C6    1988  x00521808  x00521fcb
SARGC5      1640  x00521fcc  x00522633
SARGD1      2080  x00522634  x00522e53
SARGD2D8    2144  x00522e54  x005236b3
SARGD3D7    2176  x005236b4  x00523f33
SARGD4D6    1832  x00523f34  x0052465b
SARGD5      1848  x0052465c  x00524d93
SARGE1      2144  x00524d94  x005255f3
SARGE2      1920  x005255f4  x00525d73
SARGE3      2232  x00525d74  x0052662b
SARGE4      2028  x0052662c  x00526e17
SARGE5      1844  x00526e18  x0052754b
SARGE6      1816  x0052754c  x00527c63
SARGE7      2336  x00527c64  x00528583
SARGE8      2216  x00528584  x00528e2b
SARGF1      2148  x00528e2c  x0052968f
SARGF2      2124  x00529690  x00529edb
SARGF3      2560  x00529edc  x0052a8db
SARGF4      2144  x0052a8dc  x0052b13b
SARGF5      1976  x0052b13c  x0052b8f3
SARGF6      1964  x0052b8f4  x0052c09f
SARGF7      2660  x0052c0a0  x0052cb03
SARGF8      2456  x0052cb04  x0052d49b
SARGG1      2172  x0052d49c  x0052dd17
SARGG2      2012  x0052dd18  x0052e4f3
SARGG3      2436  x0052e4f4  x0052ee77
SARGG4      2088  x0052ee78  x0052f69f
SARGG5      2036  x0052f6a0  x0052fe93
SARGG6      1936  x0052fe94  x00530623
SARGG7      2528  x00530624  x00531003
SARGG8      2292  x00531004  x005318f7
SARGH1      2088  x005318f8  x0053211f
SARGH2      1972  x00532120  x005328d3
SARGH3      2172  x005328d4  x0053314f
SARGH4      2000  x00533150  x0053391f
SARGH5      1560  x00533920  x00533f37
SARGH6      1696  x00533f38  x005345d7
SARGH7      2156  x005345d8  x00534e43
SARGH8      2108  x00534e44  x0053567f
SARGI0      2340  x00535680  x00535fa3
SARGJ0      2248  x00535fa4  x0053686b
SARGK0      1900  x0053686c  x00536fd7
SARGL0      1908  x00536fd8  x0053774b
SARGM0      1836  x0053774c  x00537e77
SARGN0      1728  x00537e78  x00538537
TROOA1      1632  x00538538  x00538b97
TROOA2A8    1564  x00538b98  x005391b3
TROOA3A7    1144  x005391b4  x0053962b
TROOA4A6    1048  x0053962c  x00539a43
TROOA5      1208  x00539a44  x00539efb
TROOB1      1600  x00539efc  x0053a53b
TROOB2B8    1420  x0053a53c  x0053aac7
TROOB3B7    1304  x0053aac8  x0053afdf
TROOB4B6    1228  x0053afe0  x0053b4ab
TROOB5      1152  x0053b4ac  x0053b92b
TROOC1      1612  x0053b92c  x0053bf77
TROOC2C8    1528  x0053bf78  x0053c56f
TROOC3C7    1148  x0053c570  x0053c9eb
TROOC4C6    1060  x0053c9ec  x0053ce0f
TROOC5      1212  x0053ce10  x0053d2cb
TROOD1      1528  x0053d2cc  x0053d8c3
TROOD2D8    1652  x0053d8c4  x0053df37
TROOD3D7    1320  x0053df38  x0053e45f
TROOD4D6    1012  x0053e460  x0053e853
TROOD5      1148  x0053e854  x0053eccf
TROOE1      1680  x0053ecd0  x0053f35f
TROOE2E8    1260  x0053f360  x0053f84b
TROOE3E7    1284  x0053f84c  x0053fd4f
TROOE4E6    1252  x0053fd50  x00540233
TROOE5      1176  x00540234  x005406cb
TROOF1      1588  x005406cc  x00540cff
TROOF2F8    1476  x00540d00  x005412c3
TROOF3F7    1380  x005412c4  x00541827
TROOF4F6    1180  x00541828  x00541cc3
TROOF5      1164  x00541cc4  x0054214f
TROOG1      1328  x00542150  x0054267f
TROOG2G8    1644  x00542680  x00542ceb
TROOG3G7    1700  x00542cec  x0054338f
TROOG4G6    1380  x00543390  x005438f3
TROOG5      1112  x005438f4  x00543d4b
TROOH1      1452  x00543d4c  x005442f7
TROOH2H8    1144  x005442f8  x0054476f
TROOH3H7    1328  x00544770  x00544c9f
TROOH4H6    1336  x00544ca0  x005451d7
TROOH5      1404  x005451d8  x00545753
TROOI0      1592  x00545754  x00545d8b
TROOJ0      1504  x00545d8c  x0054636b
TROOK0      1300  x0054636c  x0054687f
TROOL0      1292  x00546880  x00546d8b
TROOM0      1232  x00546d8c  x0054725b
TROON0      2212  x0054725c  x00547aff
TROOO0      2548  x00547b00  x005484f3
TROOP0      2852  x005484f4  x00549017
TROOQ0      2576  x00549018  x00549a27
TROOR0      2008  x00549a28  x0054a1ff
TROOS0      1824  x0054a200  x0054a91f
TROOT0      1456  x0054a920  x0054aecf
TROOU0      1240  x0054aed0  x0054b3a7
BOSSA1      2288  x0054b3a8  x0054bc97
BOSSA2A8    2180  x0054bc98  x0054c51b
BOSSA3A7    2456  x0054c51c  x0054ceb3
BOSSA4A6    2184  x0054ceb4  x0054d73b
BOSSA5      2148  x0054d73c  x0054df9f
BOSSB1      2792  x0054dfa0  x0054ea87
BOSSB2B8    2412  x0054ea88  x0054f3f3
BOSSB3B7    2000  x0054f3f4  x0054fbc3
BOSSB4B6    2156  x0054fbc4  x0055042f
BOSSB5      2532  x00550430  x00550e13
BOSSC1      2288  x00550e14  x00551703
BOSSC2C8    2480  x00551704  x005520b3
BOSSC3C7    2400  x005520b4  x00552a13
BOSSC4C6    2024  x00552a14  x005531fb
BOSSC5      2148  x005531fc  x00553a5f
BOSSD1      2788  x00553a60  x00554543
BOSSD2D8    2380  x00554544  x00554e8f
BOSSD3D7    2020  x00554e90  x00555673
BOSSD4D6    2224  x00555674  x00555f23
BOSSD5      2532  x00555f24  x00556907
BOSSE1      2792  x00556908  x005573ef
BOSSE2      2036  x005573f0  x00557be3
BOSSE3      2508  x00557be4  x005585af
BOSSE4      2732  x005585b0  x0055905b
BOSSE5      2540  x0055905c  x00559a47
BOSSE6      2124  x00559a48  x0055a293
BOSSE7      2380  x0055a294  x0055abdf
BOSSE8      2984  x0055abe0  x0055b787
BOSSF1      3068  x0055b788  x0055c383
BOSSF2      2604  x0055c384  x0055cdaf
BOSSF3      2316  x0055cdb0  x0055d6bb
BOSSF4      2536  x0055d6bc  x0055e0a3
BOSSF5      2544  x0055e0a4  x0055ea93
BOSSF6      2472  x0055ea94  x0055f43b
BOSSF7      2112  x0055f43c  x0055fc7b
BOSSF8      2592  x0055fc7c  x0056069b
BOSSG1      2400  x0056069c  x00560ffb
BOSSG2      2724  x00560ffc  x00561a9f
BOSSG3      2308  x00561aa0  x005623a3
BOSSG4      2216  x005623a4  x00562c4b
BOSSG5      2216  x00562c4c  x005634f3
BOSSG6      2332  x005634f4  x00563e0f
BOSSG7      2200  x00563e10  x005646a7
BOSSG8      2352  x005646a8  x00564fd7
BOSSH1      2692  x00564fd8  x00565a5b
BOSSH2      2372  x00565a5c  x0056639f
BOSSH3      2508  x005663a0  x00566d6b
BOSSH4      2324  x00566d6c  x0056767f
BOSSH5      2376  x00567680  x00567fc7
BOSSH6      2200  x00567fc8  x0056885f
BOSSH7      2272  x00568860  x0056913f
BOSSH8      2436  x00569140  x00569ac3
BOSSI0      2692  x00569ac4  x0056a547
BOSSJ0      2576  x0056a548  x0056af57
BOSSK0      2504  x0056af58  x0056b91f
BOSSL0      2032  x0056b920  x0056c10f
BOSSM0      1760  x0056c110  x0056c7ef
BOSSN0      1784  x0056c7f0  x0056cee7
BOSSO0      1784  x0056cee8  x0056d5df
BAL7A1A5     424  x0056d5e0  x0056d787
BAL7A2A8     576  x0056d788  x0056d9c7
BAL7A3A7     748  x0056d9c8  x0056dcb3
BAL7A4A6     508  x0056dcb4  x0056deaf
BAL7B1B5     460  x0056deb0  x0056e07b
BAL7B2B8     568  x0056e07c  x0056e2b3
BAL7B3B7     768  x0056e2b4  x0056e5b3
BAL7B4B6     520  x0056e5b4  x0056e7bb
BAL7C0      1020  x0056e7bc  x0056ebb7
BAL7D0      1308  x0056ebb8  x0056f0d3
BAL7E0      1776  x0056f0d4  x0056f7c3
PLAYA1      1420  x0056f7c4  x0056fd4f
PLAYA2A8    1332  x0056fd50  x00570283
PLAYA3A7    1424  x00570284  x00570813
PLAYA4A6    1388  x00570814  x00570d7f
PLAYA5      1220  x00570d80  x00571243
PLAYB1      1452  x00571244  x005717ef
PLAYB2B8    1288  x005717f0  x00571cf7
PLAYB3B7    1300  x00571cf8  x0057220b
PLAYB4B6    1388  x0057220c  x00572777
PLAYB5      1312  x00572778  x00572c97
PLAYC1      1432  x00572c98  x0057322f
PLAYC2C8    1436  x00573230  x005737cb
PLAYC3C7    1304  x005737cc  x00573ce3
PLAYC4C6    1352  x00573ce4  x0057422b
PLAYC5      1344  x0057422c  x0057476b
PLAYD1      1440  x0057476c  x00574d0b
PLAYD2D8    1400  x00574d0c  x00575283
PLAYD3D7    1228  x00575284  x0057574f
PLAYD4D6    1300  x00575750  x00575c63
PLAYD5      1348  x00575c64  x005761a7
PLAYE1      1276  x005761a8  x005766a3
PLAYE2E8    1368  x005766a4  x00576bfb
PLAYE3E7    1600  x00576bfc  x0057723b
PLAYE4E6    1420  x0057723c  x005777c7
PLAYE5      1172  x005777c8  x00577c5b
PLAYF1      1280  x00577c5c  x0057815b
PLAYF2F8    1412  x0057815c  x005786df
PLAYF3F7    1648  x005786e0  x00578d4f
PLAYF4F6    1496  x00578d50  x00579327
PLAYF5      1120  x00579328  x00579787
PLAYG1      1492  x00579788  x00579d5b
PLAYG2G8    1316  x00579d5c  x0057a27f
PLAYG3G7    1484  x0057a280  x0057a84b
PLAYG4G6    1496  x0057a84c  x0057ae23
PLAYG5      1396  x0057ae24  x0057b397
PLAYH0      1636  x0057b398  x0057b9fb
PLAYI0      1428  x0057b9fc  x0057bf8f
PLAYJ0      1532  x0057bf90  x0057c58b
PLAYK0      1412  x0057c58c  x0057cb0f
PLAYL0      1048  x0057cb10  x0057cf27
PLAYM0      1052  x0057cf28  x0057d343
PLAYN0      1060  x0057d344  x0057d767
PLAYO0      1668  x0057d768  x0057ddeb
PLAYP0      2304  x0057ddec  x0057e6eb
PLAYQ0      2432  x0057e6ec  x0057f06b
PLAYR0      2304  x0057f06c  x0057f96b
PLAYS0      1968  x0057f96c  x0058011b
PLAYT0      1748  x0058011c  x005807ef
PLAYU0      1604  x005807f0  x00580e33
PLAYV0      1384  x00580e34  x0058139b
PLAYW0      1364  x0058139c  x005818ef
POSSA1      1392  x005818f0  x00581e5f
POSSA2A8    1316  x00581e60  x00582383
POSSA3A7    1408  x00582384  x00582903
POSSA4A6    1352  x00582904  x00582e4b
POSSA5      1220  x00582e4c  x0058330f
POSSB1      1416  x00583310  x00583897
POSSB2B8    1260  x00583898  x00583d83
POSSB3B7    1284  x00583d84  x00584287
POSSB4B6    1356  x00584288  x005847d3
POSSB5      1300  x005847d4  x00584ce7
POSSC1      1404  x00584ce8  x00585263
POSSC2C8    1412  x00585264  x005857e7
POSSC3C7    1304  x005857e8  x00585cff
POSSC4C6    1336  x00585d00  x00586237
POSSC5      1336  x00586238  x0058676f
POSSD1      1428  x00586770  x00586d03
POSSD2D8    1372  x00586d04  x0058725f
POSSD3D7    1208  x00587260  x00587717
POSSD4D6    1292  x00587718  x00587c23
POSSD5      1312  x00587c24  x00588143
POSSE1      1248  x00588144  x00588623
POSSE2E8    1356  x00588624  x00588b6f
POSSE3E7    1584  x00588b70  x0058919f
POSSE4E6    1420  x005891a0  x0058972b
POSSE5      1156  x0058972c  x00589baf
POSSF1      1248  x00589bb0  x0058a08f
POSSF2F8    1416  x0058a090  x0058a617
POSSF3F7    1644  x0058a618  x0058ac83
POSSF4F6    1480  x0058ac84  x0058b24b
POSSF5      1112  x0058b24c  x0058b6a3
POSSG1      1484  x0058b6a4  x0058bc6f
POSSG2G8    1288  x0058bc70  x0058c177
POSSG3G7    1424  x0058c178  x0058c707
POSSG4G6    1472  x0058c708  x0058ccc7
POSSG5      1384  x0058ccc8  x0058d22f
POSSH0      1604  x0058d230  x0058d873
POSSI0      1276  x0058d874  x0058dd6f
POSSJ0      1224  x0058dd70  x0058e237
POSSK0      1128  x0058e238  x0058e69f
POSSL0       988  x0058e6a0  x0058ea7b
POSSM0      1824  x0058ea7c  x0058f19b
POSSN0      2408  x0058f19c  x0058fb03
POSSO0      2524  x0058fb04  x005904df
POSSP0      2368  x005904e0  x00590e1f
POSSQ0      1992  x00590e20  x005915e7
POSSR0      1772  x005915e8  x00591cd3
POSSS0      1640  x00591cd4  x0059233b
POSST0      1464  x0059233c  x005928f3
POSSU0      1352  x005928f4  x00592e3b
SPOSA1      1316  x00592e3c  x0059335f
SPOSA2A8    1224  x00593360  x00593827
SPOSA3A7    1320  x00593828  x00593d4f
SPOSA4A6    1320  x00593d50  x00594277
SPOSA5      1212  x00594278  x00594733
SPOSB1      1384  x00594734  x00594c9b
SPOSB2B8    1104  x00594c9c  x005950eb
SPOSB3B7    1136  x005950ec  x0059555b
SPOSB4B6    1312  x0059555c  x00595a7b
SPOSB5      1300  x00595a7c  x00595f8f
SPOSC1      1336  x00595f90  x005964c7
SPOSC2C8    1228  x005964c8  x00596993
SPOSC3C7    1256  x00596994  x00596e7b
SPOSC4C6    1264  x00596e7c  x0059736b
SPOSC5      1332  x0059736c  x0059789f
SPOSD1      1364  x005978a0  x00597df3
SPOSD2D8    1240  x00597df4  x005982cb
SPOSD3D7    1128  x005982cc  x00598733
SPOSD4D6    1228  x00598734  x00598bff
SPOSD5      1324  x00598c00  x0059912b
SPOSE1      1240  x0059912c  x00599603
SPOSE2E8    1208  x00599604  x00599abb
SPOSE3E7    1428  x00599abc  x0059a04f
SPOSE4E6    1360  x0059a050  x0059a59f
SPOSE5      1156  x0059a5a0  x0059aa23
SPOSF1      1232  x0059aa24  x0059aef3
SPOSF2F8    1296  x0059aef4  x0059b403
SPOSF3F7    1552  x0059b404  x0059ba13
SPOSF4F6    1476  x0059ba14  x0059bfd7
SPOSF5      1116  x0059bfd8  x0059c433
SPOSG1      1356  x0059c434  x0059c97f
SPOSG2G8    1184  x0059c980  x0059ce1f
SPOSG3G7    1396  x0059ce20  x0059d393
SPOSG4G6    1472  x0059d394  x0059d953
SPOSG5      1332  x0059d954  x0059de87
SPOSH0      1496  x0059de88  x0059e45f
SPOSI0      1320  x0059e460  x0059e987
SPOSJ0      1244  x0059e988  x0059ee63
SPOSK0      1144  x0059ee64  x0059f2db
SPOSL0      1056  x0059f2dc  x0059f6fb
SPOSM0      1724  x0059f6fc  x0059fdb7
SPOSN0      2376  x0059fdb8  x005a06ff
SPOSO0      2524  x005a0700  x005a10db
SPOSP0      2368  x005a10dc  x005a1a1b
SPOSQ0      1992  x005a1a1c  x005a21e3
SPOSR0      1772  x005a21e4  x005a28cf
SPOSS0      1640  x005a28d0  x005a2f37
SPOST0      1464  x005a2f38  x005a34ef
SPOSU0      1352  x005a34f0  x005a3a37
SKULA1      1372  x005a3a38  x005a3f93
SKULA8A2    1324  x005a3f94  x005a44bf
SKULA7A3    1140  x005a44c0  x005a4933
SKULA6A4    1224  x005a4934  x005a4dfb
SKULA5      1296  x005a4dfc  x005a530b
SKULB1      1364  x005a530c  x005a585f
SKULB8B2    1348  x005a5860  x005a5da3
SKULB7B3    1188  x005a5da4  x005a6247
SKULB6B4    1192  x005a6248  x005a66ef
SKULB5      1300  x005a66f0  x005a6c03
SKULC1      1360  x005a6c04  x005a7153
SKULC8C2    1568  x005a7154  x005a7773
SKULC7C3    1680  x005a7774  x005a7e03
SKULC6C4    1348  x005a7e04  x005a8347
SKULC5      1008  x005a8348  x005a8737
SKULD1      1352  x005a8738  x005a8c7f
SKULD8D2    1532  x005a8c80  x005a927b
SKULD7D3    1688  x005a927c  x005a9913
SKULD6D4    1304  x005a9914  x005a9e2b
SKULD5       988  x005a9e2c  x005aa207
SKULE1      1220  x005aa208  x005aa6cb
SKULE8E2    1356  x005aa6cc  x005aac17
SKULE7E3    1352  x005aac18  x005ab15f
SKULE6E4    1132  x005ab160  x005ab5cb
SKULE5      1140  x005ab5cc  x005aba3f
SKULF0      1220  x005aba40  x005abf03
SKULG0      1352  x005abf04  x005ac44b
SKULH0      1976  x005ac44c  x005acc03
SKULI0      3544  x005acc04  x005ad9db
SKULJ0      5976  x005ad9dc  x005af133
SKULK0      4340  x005af134  x005b0227
HEADA1      3884  x005b0228  x005b1153
HEADA2A8    3592  x005b1154  x005b1f5b
HEADA3A7    3696  x005b1f5c  x005b2dcb
HEADA4A6    3684  x005b2dcc  x005b3c2f
HEADA5      3744  x005b3c30  x005b4acf
HEADB1      3776  x005b4ad0  x005b598f
HEADC1      3844  x005b5990  x005b6893
HEADD1      3916  x005b6894  x005b77df
HEADB2B8    3612  x005b77e0  x005b85fb
HEADC2C8    3672  x005b85fc  x005b9453
HEADD2D8    3776  x005b9454  x005ba313
HEADB3B7    3712  x005ba314  x005bb193
HEADC3C7    3788  x005bb194  x005bc05f
HEADD3D7    3868  x005bc060  x005bcf7b
HEADB4B6    3688  x005bcf7c  x005bdde3
HEADC4C6    3784  x005bdde4  x005becab
HEADD4D6    3912  x005becac  x005bfbf3
HEADB5      3756  x005bfbf4  x005c0a9f
HEADC5      3888  x005c0aa0  x005c19cf
HEADD5      4104  x005c19d0  x005c29d7
HEADE1      3896  x005c29d8  x005c390f
HEADF1      3888  x005c3910  x005c483f
HEADG0      3888  x005c4840  x005c576f
HEADE2E8    3612  x005c5770  x005c658b
HEADF2F8    3616  x005c658c  x005c73ab
HEADE3E7    3672  x005c73ac  x005c8203
HEADF3F7    3640  x005c8204  x005c903b
HEADE4E6    3592  x005c903c  x005c9e43
HEADF4F6    3592  x005c9e44  x005cac4b
HEADE5      3732  x005cac4c  x005cbadf
HEADF5      3732  x005cbae0  x005cc973
HEADH0      3884  x005cc974  x005cd89f
HEADI0      3896  x005cd8a0  x005ce7d7
HEADJ0      4068  x005ce7d8  x005cf7bb
HEADK0      4044  x005cf7bc  x005d0787
HEADL0      3060  x005d0788  x005d137b
CYBRA1      6400  x005d137c  x005d2c7b
CYBRA2      5968  x005d2c7c  x005d43cb
CYBRA3      5372  x005d43cc  x005d58c7
CYBRA4      5496  x005d58c8  x005d6e3f
CYBRA5      6484  x005d6e40  x005d8793
CYBRA6      5992  x005d8794  x005d9efb
CYBRA7      5256  x005d9efc  x005db383
CYBRA8      5516  x005db384  x005dc90f
CYBRB1      6728  x005dc910  x005de357
CYBRB2      5984  x005de358  x005dfab7
CYBRB3      4388  x005dfab8  x005e0bdb
CYBRB4      6416  x005e0bdc  x005e24eb
CYBRB5      6664  x005e24ec  x005e3ef3
CYBRB6      6204  x005e3ef4  x005e572f
CYBRB7      4188  x005e5730  x005e678b
CYBRB8      6316  x005e678c  x005e8037
CYBRC1      6644  x005e8038  x005e9a2b
CYBRC2      5896  x005e9a2c  x005eb133
CYBRC3      5424  x005eb134  x005ec663
CYBRC4      6120  x005ec664  x005ede4b
CYBRC5      6668  x005ede4c  x005ef857
CYBRC6      6348  x005ef858  x005f1123
CYBRC7      5432  x005f1124  x005f265b
CYBRC8      6256  x005f265c  x005f3ecb
CYBRD1      6784  x005f3ecc  x005f594b
CYBRD2      5880  x005f594c  x005f7043
CYBRD3      4308  x005f7044  x005f8117
CYBRD4      6592  x005f8118  x005f9ad7
CYBRD5      6688  x005f9ad8  x005fb4f7
CYBRD6      5928  x005fb4f8  x005fcc1f
CYBRD7      4412  x005fcc20  x005fdd5b
CYBRD8      6336  x005fdd5c  x005ff61b
CYBRE1      6728  x005ff61c  x00601063
CYBRE2      5876  x00601064  x00602757
CYBRE3      5900  x00602758  x00603e63
CYBRE4      6792  x00603e64  x006058eb
CYBRE5      6460  x006058ec  x00607227
CYBRE6      5792  x00607228  x006088c7
CYBRE7      5812  x006088c8  x00609f7b
CYBRE8      7296  x00609f7c  x0060bbfb
CYBRF1      7264  x0060bbfc  x0060d85b
CYBRF2      6604  x0060d85c  x0060f227
CYBRF3      6524  x0060f228  x00610ba3
CYBRF4      7428  x00610ba4  x006128a7
CYBRF5      6756  x006128a8  x0061430b
CYBRF6      6348  x0061430c  x00615bd7
CYBRF7      6368  x00615bd8  x006174b7
CYBRF8      7984  x006174b8  x006193e7
CYBRG1      7484  x006193e8  x0061b123
CYBRG2      6652  x0061b124  x0061cb1f
CYBRG3      6072  x0061cb20  x0061e2d7
CYBRG4      6708  x0061e2d8  x0061fd0b
CYBRG5      7064  x0061fd0c  x006218a3
CYBRG6      6640  x006218a4  x00623293
CYBRG7      5232  x00623294  x00624703
CYBRG8      6716  x00624704  x0062613f
CYBRH0      7420  x00626140  x00627e3b
CYBRI0      7852  x00627e3c  x00629ce7
CYBRJ0      8832  x00629ce8  x0062bf67
CYBRK0     10828  x0062bf68  x0062e9b3
CYBRL0     13732  x0062e9b4  x00631f57
CYBRM0     16780  x00631f58  x006360e3
CYBRN0     13968  x006360e4  x00639773
CYBRO0      8348  x00639774  x0063b80f
CYBRP0      2696  x0063b810  x0063c297
SPIDA1D1   11340  x0063c298  x0063eee3
SPIDA2A8   10712  x0063eee4  x006418bb
SPIDA3A7   11036  x006418bc  x006443d7
SPIDA4A6   10424  x006443d8  x00646c8f
SPIDA5D5   11948  x00646c90  x00649b3b
SPIDB1E1   11856  x00649b3c  x0064c98b
SPIDB2B8   10980  x0064c98c  x0064f46f
SPIDB3B7   10724  x0064f470  x00651e53
SPIDB4B6   10228  x00651e54  x00654647
SPIDB5E5   11504  x00654648  x00657337
SPIDC1F1   11344  x00657338  x00659f87
SPIDC2C8   11460  x00659f88  x0065cc4b
SPIDC3C7   10500  x0065cc4c  x0065f54f
SPIDC4C6   10492  x0065f550  x00661e4b
SPIDC5F5   11680  x00661e4c  x00664beb
SPIDD2D8   10280  x00664bec  x00667413
SPIDD3D7   10656  x00667414  x00669db3
SPIDD4D6   11124  x00669db4  x0066c927
SPIDE2E8   10164  x0066c928  x0066f0db
SPIDE3E7   10624  x0066f0dc  x00671a5b
SPIDE4E6   11256  x00671a5c  x00674653
SPIDF2F8   11056  x00674654  x00677183
SPIDF3F7   10628  x00677184  x00679b07
SPIDF4F6   11300  x00679b08  x0067c72b
SPIDG1     10664  x0067c72c  x0067f0d3
SPIDG2G8   10428  x0067f0d4  x0068198f
SPIDG3G7   10560  x00681990  x006842cf
SPIDG4G6   10784  x006842d0  x00686cef
SPIDG5     11888  x00686cf0  x00689b5f
SPIDH1     10664  x00689b60  x0068c507
SPIDH2H8   10428  x0068c508  x0068edc3
SPIDH3H7   10588  x0068edc4  x0069171f
SPIDH4H6   10784  x00691720  x0069413f
SPIDH5     11888  x00694140  x00696faf
SPIDI1     10912  x00696fb0  x00699a4f
SPIDI2     10696  x00699a50  x0069c417
SPIDI3     10832  x0069c418  x0069ee67
SPIDI4     10424  x0069ee68  x006a171f
SPIDI5     11612  x006a1720  x006a447b
SPIDI6     11100  x006a447c  x006a6fd7
SPIDI7     10324  x006a6fd8  x006a982b
SPIDI8     10260  x006a982c  x006ac03f
SPIDJ0     11116  x006ac040  x006aebab
SPIDK0     11532  x006aebac  x006b18b7
SPIDL0     10824  x006b18b8  x006b42ff
SPIDM0     10892  x006b4300  x006b6d8b
SPIDN0     10912  x006b6d8c  x006b982b
SPIDO0     11736  x006b982c  x006bc603
SPIDP0     14968  x006bc604  x006c007b
SPIDQ0     18548  x006c007c  x006c48ef
SPIDR0     17888  x006c48f0  x006c8ecf
SPIDS0      5936  x006c8ed0  x006ca5ff
POL5A0       836  x006ca600  x006ca943
CANDA0       244  x006ca944  x006caa37
CBRAA0      1100  x006caa38  x006cae83
SHOTA0       904  x006cae84  x006cb20b
MGUNA0      1124  x006cb20c  x006cb66f
LAUNA0      1124  x006cb670  x006cbad3
CSAWA0      1524  x006cbad4  x006cc0c7
CLIPA0       188  x006cc0c8  x006cc183
SHELA0       216  x006cc184  x006cc25b
ROCKA0       364  x006cc25c  x006cc3c7
STIMA0       340  x006cc3c8  x006cc51b
MEDIA0       780  x006cc51c  x006cc827
ARM1A0       656  x006cc828  x006ccab7
ARM1B0       656  x006ccab8  x006ccd47
ARM2A0       656  x006ccd48  x006ccfd7
ARM2B0       656  x006ccfd8  x006cd267
BAR1A0       944  x006cd268  x006cd617
BAR1B0       944  x006cd618  x006cd9c7
COLUA0       832  x006cd9c8  x006cdd07
BPAKA0       796  x006cdd08  x006ce023
BROKA0      1616  x006ce024  x006ce673
AMMOA0       704  x006ce674  x006ce933
SBOXA0       664  x006ce934  x006cebcb
ELECA0      4272  x006cebcc  x006cfc7b
BKEYA0       332  x006cfc7c  x006cfdc7
BKEYB0       332  x006cfdc8  x006cff13
YKEYA0       332  x006cff14  x006d005f
YKEYB0       332  x006d0060  x006d01ab
RKEYA0       332  x006d01ac  x006d02f7
RKEYB0       332  x006d02f8  x006d0443
SUITA0      1112  x006d0444  x006d089b
PVISA0       604  x006d089c  x006d0af7
PVISB0       604  x006d0af8  x006d0d53
BEXPA0       944  x006d0d54  x006d1103
BEXPB0       924  x006d1104  x006d149f
BEXPC0      1584  x006d14a0  x006d1acf
BEXPD0      2696  x006d1ad0  x006d2557
BEXPE0      3420  x006d2558  x006d32b3
PMAPA0      1004  x006d32b4  x006d369f
PMAPB0      1004  x006d36a0  x006d3a8b
PMAPC0      1004  x006d3a8c  x006d3e77
PMAPD0      1004  x006d3e78  x006d4263
PINSA0       724  x006d4264  x006d4537
PINSB0       724  x006d4538  x006d480b
PINSC0       724  x006d480c  x006d4adf
PINSD0       724  x006d4ae0  x006d4db3
BON1A0       292  x006d4db4  x006d4ed7
BON1B0       292  x006d4ed8  x006d4ffb
BON1C0       292  x006d4ffc  x006d511f
BON1D0       292  x006d5120  x006d5243
SOULA0       724  x006d5244  x006d5517
SOULB0       724  x006d5518  x006d57eb
SOULC0       724  x006d57ec  x006d5abf
SOULD0       724  x006d5ac0  x006d5d93
BON2A0       356  x006d5d94  x006d5ef7
BON2B0       356  x006d5ef8  x006d605b
BON2C0       356  x006d605c  x006d61bf
BON2D0       356  x006d61c0  x006d6323
TREDA0      1120  x006d6324  x006d6783
TREDB0      1060  x006d6784  x006d6ba7
TREDC0      1048  x006d6ba8  x006d6fbf
TREDD0      1088  x006d6fc0  x006d73ff
POL1A0      1508  x006d7400  x006d79e3
POL2A0      1148  x006d79e4  x006d7e5f
POL3A0      1448  x006d7e60  x006d8407
POL3B0      1452  x006d8408  x006d89b3
POL4A0       808  x006d89b4  x006d8cdb
POL6A0      1460  x006d8cdc  x006d928f
POL6B0      1520  x006d9290  x006d987f
COL1A0      1784  x006d9880  x006d9f77
COL2A0      1460  x006d9f78  x006da52b
COL3A0      1784  x006da52c  x006dac23
COL4A0      1460  x006dac24  x006db1d7
COL5A0      1512  x006db1d8  x006db7bf
COL5B0      1520  x006db7c0  x006dbdaf
FSKUA0       972  x006dbdb0  x006dc17b
FSKUB0       972  x006dc17c  x006dc547
FSKUC0       972  x006dc548  x006dc913
COL6A0      1544  x006dc914  x006dcf1b
CEYEA0      1864  x006dcf1c  x006dd663
CEYEB0      1884  x006dd664  x006dddbf
CEYEC0      1860  x006dddc0  x006de503
TRE1A0      2036  x006de504  x006decf7
SMITA0      1396  x006decf8  x006df26b
SMT2A0       920  x006df26c  x006df603
BSKUA0       308  x006df604  x006df737
BSKUB0       308  x006df738  x006df86b
RSKUA0       308  x006df86c  x006df99f
RSKUB0       308  x006df9a0  x006dfad3
YSKUA0       308  x006dfad4  x006dfc07
YSKUB0       308  x006dfc08  x006dfd3b
TRE2A0     11580  x006dfd3c  x006e2a77
PLASA0      1060  x006e2a78  x006e2e9b
BFUGA0      1668  x006e2e9c  x006e351f
CELLA0       360  x006e3520  x006e3687
PSTRA0       780  x006e3688  x006e3993
CELPA0       948  x006e3994  x006e3d47
GOR1A0      1268  x006e3d48  x006e423b
GOR1B0      1268  x006e423c  x006e472f
GOR1C0      1256  x006e4730  x006e4c17
GOR2A0      1572  x006e4c18  x006e523b
GOR3A0      1592  x006e523c  x006e5873
GOR4A0       864  x006e5874  x006e5bd3
GOR5A0       568  x006e5bd4  x006e5e0b
TGRNA0      1120  x006e5e0c  x006e626b
TGRNB0      1060  x006e626c  x006e668f
TGRNC0      1048  x006e6690  x006e6aa7
TGRND0      1088  x006e6aa8  x006e6ee7
TBLUA0      1120  x006e6ee8  x006e7347
TBLUB0      1064  x006e7348  x006e776f
TBLUC0      1060  x006e7770  x006e7b93
TBLUD0      1088  x006e7b94  x006e7fd3
SMRTA0       724  x006e7fd4  x006e82a7
SMRTB0       660  x006e82a8  x006e853b
SMRTC0       636  x006e853c  x006e87b7
SMRTD0       688  x006e87b8  x006e8a67
SMBTA0       724  x006e8a68  x006e8d3b
SMBTB0       660  x006e8d3c  x006e8fcf
SMBTC0       636  x006e8fd0  x006e924b
SMBTD0       688  x006e924c  x006e94fb
SMGTA0       720  x006e94fc  x006e97cb
SMGTB0       660  x006e97cc  x006e9a5f
SMGTC0       636  x006e9a60  x006e9cdb
SMGTD0       688  x006e9cdc  x006e9f8b
PINVA0       724  x006e9f8c  x006ea25f
PINVB0       724  x006ea260  x006ea533
PINVC0       724  x006ea534  x006ea807
PINVD0       724  x006ea808  x006eaadb
S_END          0  x00000000  xffffffff
P_START        0  x00000000  xffffffff
P1_START       0  x00000000  xffffffff
WALL00_1   10056  x006eaadc  x006ed223
WALL00_2    2520  x006ed224  x006edbfb
WALL00_3    2520  x006edbfc  x006ee5d3
WALL00_5    2520  x006ee5d4  x006eefab
WALL00_6    2520  x006eefac  x006ef983
WALL00_7    2520  x006ef984  x006f035b
WALL00_8    2520  x006f035c  x006f0d33
WALL01_1    1304  x006f0d34  x006f124b
WALL01_2    1304  x006f124c  x006f1763
WALL01_3    1304  x006f1764  x006f1c7b
WALL01_4    1304  x006f1c7c  x006f2193
WALL01_5    1304  x006f2194  x006f26ab
WALL01_6    1304  x006f26ac  x006f2bc3
WALL01_7    1304  x006f2bc4  x006f30db
WALL01_8    1304  x006f30dc  x006f35f3
WALL01_9    1304  x006f35f4  x006f3b0b
WALL01_A    1304  x006f3b0c  x006f4023
WALL01_B    1304  x006f4024  x006f453b
WALL01_C    1304  x006f453c  x006f4a53
WALL02_1    5192  x006f4a54  x006f5e9b
WALL02_2    5192  x006f5e9c  x006f72e3
WALL02_3    1952  x006f72e4  x006f7a83
WALL03_1    5192  x006f7a84  x006f8ecb
WALL03_4    5192  x006f8ecc  x006fa313
WALL03_7    4680  x006fa314  x006fb55b
WALL04_2    1304  x006fb55c  x006fba73
WALL04_3    1304  x006fba74  x006fbf8b
WALL04_4    1304  x006fbf8c  x006fc4a3
WALL04_5    1304  x006fc4a4  x006fc9bb
WALL04_7    1304  x006fc9bc  x006fced3
WALL05_2    4168  x006fced4  x006fdf1b
W13_1       5192  x006fdf1c  x006ff363
W13_8       1304  x006ff364  x006ff87b
W13_A       1304  x006ff87c  x006ffd93
W15_4       5192  x006ffd94  x007011db
W15_5       5192  x007011dc  x00702623
W17_1      28080  x00702624  x007093d3
WALL24_1   36960  x007093d4  x00712433
W28_5       4680  x00712434  x0071367b
W28_6       4680  x0071367c  x007148c3
W28_7       4680  x007148c4  x00715b0b
W28_8       4680  x00715b0c  x00716d53
W31_1       4680  x00716d54  x00717f9b
W32_1       4680  x00717f9c  x007191e3
W32_4       4680  x007191e4  x0071a42b
W33_5       4680  x0071a42c  x0071b673
W33_7       4680  x0071b674  x0071c8bb
W33_8       1096  x0071c8bc  x0071cd03
W46_37       208  x0071cd04  x0071cdd3
W46_38       208  x0071cdd4  x0071cea3
W46_39       208  x0071cea4  x0071cf73
WALL57_1    8776  x0071cf74  x0071f1bb
WALL57_2    8776  x0071f1bc  x00721403
WALL57_3    8776  x00721404  x0072364b
WALL57_4    8776  x0072364c  x00725893
WALL62_1   17544  x00725894  x00729d1b
WALL62_2    8776  x00729d1c  x0072bf63
W94_1      17544  x0072bf64  x007303eb
W111_2      3984  x007303ec  x0073137b
W111_3      3984  x0073137c  x0073230b
W112_1      3940  x0073230c  x0073326f
W112_2      2100  x00733270  x00733aa3
W112_3      2220  x00733aa4  x0073434f
W113_1     14312  x00734350  x00737b37
W113_2      4276  x00737b38  x00738beb
W113_3      4212  x00738bec  x00739c5f
SW11_1      4392  x00739c60  x0073ad87
SW11_2      4392  x0073ad88  x0073beaf
SW11_4      4392  x0073beb0  x0073cfd7
SW11_5      4392  x0073cfd8  x0073e0ff
SW12_1      4392  x0073e100  x0073f227
SW12_2      4392  x0073f228  x0074034f
SW12_4      4392  x00740350  x00741477
SW12_5      4392  x00741478  x0074259f
SW19_1      8776  x007425a0  x007447e7
SW19_2      8776  x007447e8  x00746a2f
SW19_3      8776  x00746a30  x00748c77
SW19_4      8776  x00748c78  x0074aebf
SW17_4      4392  x0074aec0  x0074bfe7
SW17_5      4392  x0074bfe8  x0074d10f
SW17_6      4392  x0074d110  x0074e237
SW18_7      4392  x0074e238  x0074f35f
SW18_7      4392  x0074f360  x00750487
T14_5       1304  x00750488  x0075099f
AG128_1     8776  x007509a0  x00752be7
AG128_2     8776  x00752be8  x00754e2f
AGB128_1    1104  x00754e30  x0075527f
WLA128_1    8776  x00755280  x007574c7
SUPPORT2    1952  x007574c8  x00757c67
TOMW2_1    10376  x00757c68  x0075a4ef
TOMW2_2    10376  x0075a4f0  x0075cd77
STEP03       552  x0075cd78  x0075cf9f
STEP04       552  x0075cfa0  x0075d1c7
STEP05       552  x0075d1c8  x0075d3ef
STEP06       552  x0075d3f0  x0075d617
STEP07       552  x0075d618  x0075d83f
STEP08       552  x0075d840  x0075da67
STEP09       552  x0075da68  x0075dc8f
STEP10       552  x0075dc90  x0075deb7
EXIT1        808  x0075deb8  x0075e1df
EXIT2        208  x0075e1e0  x0075e2af
PLAT2_1    17544  x0075e2b0  x00762737
TTALL1_2    1104  x00762738  x00762b87
TP2_1      17544  x00762b88  x0076700f
TP2_2      17544  x00767010  x0076b497
COMP01_1    3648  x0076b498  x0076c2d7
COMP01_5    3648  x0076c2d8  x0076d117
COMP01_6    3648  x0076d118  x0076df57
COMP1B_4    3648  x0076df58  x0076ed97
COMP1C_6    3648  x0076ed98  x0076fbd7
COMP02_1    4168  x0076fbd8  x00770c1f
COMP02_2    4168  x00770c20  x00771c67
COMP02_3    4168  x00771c68  x00772caf
COMP02_4    4168  x00772cb0  x00773cf7
COMP02_5    4168  x00773cf8  x00774d3f
COMP02_6    4168  x00774d40  x00775d87
COMP02_7    4168  x00775d88  x00776dcf
COMP02_8    4168  x00776dd0  x00777e17
COMP03_1    4680  x00777e18  x0077905f
COMP03_4    2344  x00779060  x00779987
COMP03_5    4680  x00779988  x0077abcf
COMP03_6    2344  x0077abd0  x0077b4f7
COMP03_7    2344  x0077b4f8  x0077be1f
COMP03_8    2344  x0077be20  x0077c747
COMP03_8    2344  x0077c748  x0077d06f
COMP04_1    4680  x0077d070  x0077e2b7
COMP04_2    4680  x0077e2b8  x0077f4ff
COMP04_5    4680  x0077f500  x00780747
COMP04_6    4680  x00780748  x0078198f
COMP04_7    4680  x00781990  x00782bd7
COMP04_8    4680  x00782bd8  x00783e1f
DOOR2_1    10088  x00783e20  x00786587
DOOR2_4    17544  x00786588  x0078aa0f
DOOR2_5     5192  x0078aa10  x0078be57
DOOR3_4     1952  x0078be58  x0078c5f7
DOOR3_5     1952  x0078c5f8  x0078cd97
DOOR3_6     5192  x0078cd98  x0078e1df
DOORTRAK    1104  x0078e1e0  x0078e62f
DOOR9_1    17544  x0078e630  x00792ab7
WARNA0       552  x00792ab8  x00792cdf
WARNB0       552  x00792ce0  x00792f07
BLITA0       144  x00792f08  x00792f97
BLITB0       144  x00792f98  x00793027
BLITC0       144  x00793028  x007930b7
WLITA0       144  x007930b8  x00793147
WLITB0       144  x00793148  x007931d7
WLITC0       144  x007931d8  x00793267
NUKEDGE     2120  x00793268  x00793aaf
FLAMP       1716  x00793ab0  x00794163
TSCRN2      3476  x00794164  x00794ef7
TSCRN3      3476  x00794ef8  x00795c8b
TSCRN4      3476  x00795c8c  x00796a1f
TSCRN5      3476  x00796a20  x007977b3
TSCRN6      3476  x007977b4  x00798547
TSCRN8      3476  x00798548  x007992db
PS20A0      1924  x007992dc  x00799a5f
SW1S0       1320  x00799a60  x00799f87
SW1S1       1320  x00799f88  x0079a4af
SW2S0       1320  x0079a4b0  x0079a9d7
SW2S1       1320  x0079a9d8  x0079aeff
SW3S0       1320  x0079af00  x0079b427
SW3S1       1320  x0079b428  x0079b94f
SW4S0        800  x0079b950  x0079bc6f
SW4S1        800  x0079bc70  x0079bf8f
SKY1       35080  x0079bf90  x007a4897
P1_END         0  x00000000  xffffffff
P2_START       0  x00000000  xffffffff
WALL22_1   15496  x007a4898  x007a851f
WALL23_1   15496  x007a8520  x007ac1a7
WALL23_2   15496  x007ac1a8  x007afe2f
WALL25_1   13448  x007afe30  x007b32b7
WALL30_2    8776  x007b32b8  x007b54ff
WALL30_3    8776  x007b5500  x007b7747
WALL30_4    8776  x007b7748  x007b998f
WALL40_1   17544  x007b9990  x007bde17
WALL40_2   17544  x007bde18  x007c229f
WALL42_1    5488  x007c22a0  x007c380f
WALL42_3    3296  x007c3810  x007c44ef
WALL42_5    5488  x007c44f0  x007c5a5f
WALL42_6    5488  x007c5a60  x007c6fcf
WALL47_1    8776  x007c6fd0  x007c9217
WALL47_2    8776  x007c9218  x007cb45f
WALL47_3    5488  x007cb460  x007cc9cf
WALL47_4    5488  x007cc9d0  x007cdf3f
WALL47_5    5488  x007cdf40  x007cf4af
WALL48_1    8776  x007cf4b0  x007d16f7
WALL48_2    8776  x007d16f8  x007d393f
WALL48_3    8776  x007d3940  x007d5b87
WALL48_4    8776  x007d5b88  x007d7dcf
WALL49_1    8776  x007d7dd0  x007da017
WALL49_2    8776  x007da018  x007dc25f
WALL49_3    8776  x007dc260  x007de4a7
WALL49_4    8776  x007de4a8  x007e06ef
WALL50_1   17544  x007e06f0  x007e4b77
WALL50_2   17544  x007e4b78  x007e8fff
WALL51_1    8776  x007e9000  x007eb247
WALL51_2    8776  x007eb248  x007ed48f
WALL51_3    8776  x007ed490  x007ef6d7
WALL52_1   17544  x007ef6d8  x007f3b5f
WALL52_2   17544  x007f3b60  x007f7fe7
WALL53_1   17544  x007f7fe8  x007fc46f
WALL54_1   17544  x007fc470  x008008f7
WALL54_2   17544  x008008f8  x00804d7f
WALL55_1   17544  x00804d80  x00809207
WALL58_1    8776  x00809208  x0080b44f
WALL58_2    8776  x0080b450  x0080d697
WALL58_3    8776  x0080d698  x0080f8df
WALL59_1    8776  x0080f8e0  x00811b27
WALL59_2    8776  x00811b28  x00813d6f
WALL59_3    8776  x00813d70  x00815fb7
WALL59_4    8776  x00815fb8  x008181ff
WALL63_1   17544  x00818200  x0081c687
WALL63_2   17544  x0081c688  x00820b0f
WALL64_2   17544  x00820b10  x00824f97
W64B_1     17544  x00824f98  x0082941f
W64B_2     17544  x00829420  x0082d8a7
W65B_1     17544  x0082d8a8  x00831d2f
W65B_2     17544  x00831d30  x008361b7
W67_1       4680  x008361b8  x008373ff
W67_2       2344  x00837400  x00837d27
WALL69_4    4680  x00837d28  x00838f6f
WALL69_9    2928  x00838f70  x00839adf
WALL70_2    4096  x00839ae0  x0083aadf
WALL70_3    4680  x0083aae0  x0083bd27
WALL70_4    4680  x0083bd28  x0083cf6f
WALL70_9    2928  x0083cf70  x0083dadf
WALL71_5    4680  x0083dae0  x0083ed27
WALL72_3    4680  x0083ed28  x0083ff6f
WALL72_5    4680  x0083ff70  x008411b7
WALL72_7    4680  x008411b8  x008423ff
W73A_1     17544  x00842400  x00846887
W73A_2     17544  x00846888  x0084ad0f
W73B_1     17544  x0084ad10  x0084f197
W74A_1     17544  x0084f198  x0085361f
W74A_2     17544  x00853620  x00857aa7
W74B_1     17544  x00857aa8  x0085bf2f
WALL76_1   17544  x0085bf30  x008603b7
WALL78_1   17544  x008603b8  x0086483f
WALL79_1   17544  x00864840  x00868cc7
W92_1      14472  x00868cc8  x0086c54f
W92_2      14472  x0086c550  x0086fdd7
W96_1      17544  x0086fdd8  x0087425f
W96_2      17544  x00874260  x008786e7
WALL97_1    8776  x008786e8  x0087a92f
WALL97_2    8776  x0087a930  x0087cb77
WALL97_3    8776  x0087cb78  x0087edbf
W98_1      17544  x0087edc0  x00883247
W98_2      17544  x00883248  x008876cf
W99_1      17544  x008876d0  x0088bb57
W99_2      17544  x0088bb58  x0088ffdf
W101_1     17544  x0088ffe0  x00894467
W101_2     17544  x00894468  x008988ef
W102_1     17544  x008988f0  x0089cd77
W102_2     17544  x0089cd78  x008a11ff
W103_1     17544  x008a1200  x008a5687
W103_2     17544  x008a5688  x008a9b0f
W104_1      8776  x008a9b10  x008abd57
W105_1     19080  x008abd58  x008b07df
W106_1     29140  x008b07e0  x008b79b3
W107_1     29124  x008b79b4  x008beb77
W108_1      8776  x008beb78  x008c0dbf
W108_2       536  x008c0dc0  x008c0fd7
W108_3       536  x008c0fd8  x008c11ef
W108_4       536  x008c11f0  x008c1407
W109_1     17548  x008c1408  x008c5893
W109_2     17544  x008c5894  x008c9d1b
W110_1     35080  x008c9d1c  x008d2623
M1_1       10768  x008d2624  x008d5033
WALL03_3    5192  x008d5034  x008d647b
WALL04_9    1304  x008d647c  x008d6993
WALL04_A    1304  x008d6994  x008d6eab
WALL04_B    1304  x008d6eac  x008d73c3
WALL04_C    1304  x008d73c4  x008d78db
W15_6       1952  x008d78dc  x008d807b
RIPW15      3208  x008d807c  x008d8d03
WALL21_1    5192  x008d8d04  x008da14b
WALL21_3    5192  x008da14c  x008db593
WALL21_5    5192  x008db594  x008dc9db
DOOR11_1   14528  x008dc9dc  x008e029b
DOOR12_1   11784  x008e029c  x008e30a3
DOOR2_3     2632  x008e30a4  x008e3aeb
DOOR9_2    17544  x008e3aec  x008e7f73
SNAK7_1     8776  x008e7f74  x008ea1bb
SNAK8_1     8776  x008ea1bc  x008ec403
HELL5_1    17544  x008ec404  x008f088b
HELL5_2    17544  x008f088c  x008f4d13
HELL6_1     4392  x008f4d14  x008f5e3b
HELL6_2     8776  x008f5e3c  x008f8083
HELL6_3     8776  x008f8084  x008fa2cb
HELL8_1     8780  x008fa2cc  x008fc517
HELL8_2     8776  x008fc518  x008fe75f
HELL8_3     4392  x008fe760  x008ff887
HELL8_4     8776  x008ff888  x00901acf
SPINE3_1   13448  x00901ad0  x00904f57
SPINE3_2   13448  x00904f58  x009083df
SPINE4_1   17544  x009083e0  x0090c867
SW15_1      4392  x0090c868  x0090d98f
SW15_3      4392  x0090d990  x0090eab7
SW15_4      4392  x0090eab8  x0090fbdf
SW15_6      4392  x0090fbe0  x00910d07
SW16_1      4392  x00910d08  x00911e2f
SW16_2      4392  x00911e30  x00912f57
SW16_4      4392  x00912f58  x0091407f
SW16_6      4392  x00914080  x009151a7
SW17_1      4392  x009151a8  x009162cf
SW17_2      4392  x009162d0  x009173f7
SW17_3      4392  x009173f8  x0091851f
SW18_5      4392  x00918520  x00919647
MWALL1_1   17544  x00919648  x0091dacf
MWALL1_2   17544  x0091dad0  x00921f57
MWALL2_1   17544  x00921f58  x009263df
MWALL3_1   17544  x009263e0  x0092a867
MWALL4_1   17544  x0092a868  x0092ecef
MWALL4_2   17544  x0092ecf0  x00933177
MWALL5_1   17544  x00933178  x009375ff
T14_3       5192  x00937600  x00938a47
BCRATEL1    2344  x00938a48  x0093936f
BCRATEM1     592  x00939370  x009395bf
BCRATER1    2344  x009395c0  x00939ee7
GCRATEL1    2344  x00939ee8  x0093a80f
GCRATEM1     592  x0093a810  x0093aa5f
GCRATER1    2344  x0093aa60  x0093b387
VGCRATE1     408  x0093b388  x0093b51f
LADDER16    1608  x0093b520  x0093bb67
SGCRATE2    2344  x0093bb68  x0093c48f
CYL1_1      9568  x0093c490  x0093e9ef
TP3_1      17544  x0093e9f0  x00942e77
TP3_2      17544  x00942e78  x009472ff
TP5_1       4392  x00947300  x00948427
TP5_2       4392  x00948428  x0094954f
TP5_3       4392  x00949550  x0094a677
TP5_4       4392  x0094a678  x0094b79f
TP7_1      17544  x0094b7a0  x0094fc27
TP7_2      17544  x0094fc28  x009540af
COMP03_2    4680  x009540b0  x009552f7
RP1_1      17544  x009552f8  x0095977f
RP1_2      17544  x00959780  x0095dc07
RP2_1       4392  x0095dc08  x0095ed2f
RP2_2       4392  x0095ed30  x0095fe57
RP2_3       4392  x0095fe58  x00960f7f
RP2_4       4392  x00960f80  x009620a7
SW2_1        692  x009620a8  x0096235b
SW2_2        692  x0096235c  x0096260f
SW2_3       2088  x00962610  x00962e37
SW2_4       2088  x00962e38  x0096365f
SW2_5       3144  x00963660  x009642a7
SW2_6       3144  x009642a8  x00964eef
SW2_7       1616  x00964ef0  x0096553f
SW2_8       1616  x00965540  x00965b8f
DUCT1        952  x00965b90  x00965f47
PS15A0      1448  x00965f48  x009664ef
PS18A0      1924  x009664f0  x00966c73
SKY2       35080  x00966c74  x0096f57b
SKY3       35080  x0096f57c  x00977e83
P2_END         0  x00000000  xffffffff
P_END          0  x00000000  xffffffff
F_START        0  x00000000  xffffffff
F1_START       0  x00000000  xffffffff
FLOOR0_1    4096  x00977e84  x00978e83
FLOOR0_3    4096  x00978e84  x00979e83
FLOOR0_6    4096  x00979e84  x0097ae83
FLOOR1_1    4096  x0097ae84  x0097be83
FLOOR1_7    4096  x0097be84  x0097ce83
FLOOR3_3    4096  x0097ce84  x0097de83
FLOOR4_1    4096  x0097de84  x0097ee83
FLOOR4_5    4096  x0097ee84  x0097fe83
FLOOR4_6    4096  x0097fe84  x00980e83
FLOOR4_8    4096  x00980e84  x00981e83
FLOOR5_1    4096  x00981e84  x00982e83
FLOOR5_2    4096  x00982e84  x00983e83
FLOOR5_3    4096  x00983e84  x00984e83
FLOOR5_4    4096  x00984e84  x00985e83
STEP1       4096  x00985e84  x00986e83
STEP2       4096  x00986e84  x00987e83
FLOOR6_1    4096  x00987e84  x00988e83
FLOOR6_2    4096  x00988e84  x00989e83
TLITE6_1    4096  x00989e84  x0098ae83
TLITE6_4    4096  x0098ae84  x0098be83
TLITE6_5    4096  x0098be84  x0098ce83
TLITE6_6    4096  x0098ce84  x0098de83
FLOOR7_1    4096  x0098de84  x0098ee83
FLOOR7_2    4096  x0098ee84  x0098fe83
MFLR8_1     4096  x0098fe84  x00990e83
DEM1_1      4096  x00990e84  x00991e83
DEM1_2      4096  x00991e84  x00992e83
DEM1_3      4096  x00992e84  x00993e83
DEM1_4      4096  x00993e84  x00994e83
CEIL3_1     4096  x00994e84  x00995e83
CEIL3_2     4096  x00995e84  x00996e83
CEIL3_5     4096  x00996e84  x00997e83
CEIL4_2     4096  x00997e84  x00998e83
CEIL4_3     4096  x00998e84  x00999e83
CEIL5_1     4096  x00999e84  x0099ae83
CEIL5_2     4096  x0099ae84  x0099be83
FLAT1       4096  x0099be84  x0099ce83
FLAT2       4096  x0099ce84  x0099de83
FLAT5       4096  x0099de84  x0099ee83
FLAT10      4096  x0099ee84  x0099fe83
FLAT14      4096  x0099fe84  x009a0e83
FLAT18      4096  x009a0e84  x009a1e83
FLAT20      4096  x009a1e84  x009a2e83
FLAT22      4096  x009a2e84  x009a3e83
FLAT23      4096  x009a3e84  x009a4e83
FLAT5_4     4096  x009a4e84  x009a5e83
FLAT5_5     4096  x009a5e84  x009a6e83
CONS1_1     4096  x009a6e84  x009a7e83
CONS1_5     4096  x009a7e84  x009a8e83
CONS1_7     4096  x009a8e84  x009a9e83
NUKAGE1     4096  x009a9e84  x009aae83
NUKAGE2     4096  x009aae84  x009abe83
NUKAGE3     4096  x009abe84  x009ace83
F_SKY1      4096  x009ace84  x009ade83
F1_END         0  x00000000  xffffffff
F2_START       0  x00000000  xffffffff
SFLR6_1     4096  x009ade84  x009aee83
SFLR6_4     4096  x009aee84  x009afe83
SFLR7_1     4096  x009afe84  x009b0e83
SFLR7_4     4096  x009b0e84  x009b1e83
FLOOR0_2    4096  x009b1e84  x009b2e83
FLOOR0_5    4096  x009b2e84  x009b3e83
FLOOR0_7    4096  x009b3e84  x009b4e83
FLOOR1_6    4096  x009b4e84  x009b5e83
GATE1       4096  x009b5e84  x009b6e83
GATE2       4096  x009b6e84  x009b7e83
GATE3       4096  x009b7e84  x009b8e83
GATE4       4096  x009b8e84  x009b9e83
FWATER1     4096  x009b9e84  x009bae83
FWATER2     4096  x009bae84  x009bbe83
FWATER3     4096  x009bbe84  x009bce83
FWATER4     4096  x009bce84  x009bde83
LAVA1       4096  x009bde84  x009bee83
LAVA2       4096  x009bee84  x009bfe83
LAVA3       4096  x009bfe84  x009c0e83
LAVA4       4096  x009c0e84  x009c1e83
DEM1_5      4096  x009c1e84  x009c2e83
DEM1_6      4096  x009c2e84  x009c3e83
MFLR8_2     4096  x009c3e84  x009c4e83
MFLR8_3     4096  x009c4e84  x009c5e83
MFLR8_4     4096  x009c5e84  x009c6e83
CEIL1_1     4096  x009c6e84  x009c7e83
CEIL1_2     4096  x009c7e84  x009c8e83
CEIL1_3     4096  x009c8e84  x009c9e83
CEIL3_3     4096  x009c9e84  x009cae83
CEIL3_4     4096  x009cae84  x009cbe83
CEIL3_6     4096  x009cbe84  x009cce83
CEIL4_1     4096  x009cce84  x009cde83
BLOOD1      4096  x009cde84  x009cee83
BLOOD2      4096  x009cee84  x009cfe83
BLOOD3      4096  x009cfe84  x009d0e83
FLAT1_1     4096  x009d0e84  x009d1e83
FLAT1_2     4096  x009d1e84  x009d2e83
FLAT1_3     4096  x009d2e84  x009d3e83
FLAT5_1     4096  x009d3e84  x009d4e83
FLAT5_2     4096  x009d4e84  x009d5e83
FLAT5_3     4096  x009d5e84  x009d6e83
FLAT5_6     4096  x009d6e84  x009d7e83
FLAT5_7     4096  x009d7e84  x009d8e83
FLAT5_8     4096  x009d8e84  x009d9e83
CRATOP1     4096  x009d9e84  x009dae83
CRATOP2     4096  x009dae84  x009dbe83
FLAT3       4096  x009dbe84  x009dce83
FLAT4       4096  x009dce84  x009dde83
FLAT8       4096  x009dde84  x009dee83
FLAT9       4096  x009dee84  x009dfe83
FLAT17      4096  x009dfe84  x009e0e83
FLAT19      4096  x009e0e84  x009e1e83
COMP01      4096  x009e1e84  x009e2e83
F2_END         0  x00000000  xffffffff
F_END          0  x00000000  xffffffff

End of file.
